-- Configuring done (0.0s)
-- Generating done (0.3s)
-- Build files have been written to: /home/nwadekar/dphpc/dphpc-gemm/build
[ 20%] Built target main
[ 40%] Built target wmma_opti_gemm
[ 70%] Built target cutlass_gemm
[ 90%] Built target cutlass_gemm_tunable
[100%] Built target wmma_gemm
Kernel: TB=128x256x32 WP=64x64x32 INST=8x8x4 CUTLASS: M=1024 N=1024 K=32  Time=0.0333536 ms  Perf=2.01204 TFLOPs
Kernel: TB=128x256x32 WP=64x64x32 INST=16x8x8 CUTLASS: M=1024 N=1024 K=32  Time=0.0090112 ms  Perf=7.44727 TFLOPs
Kernel: TB=256x128x32 WP=64x64x32 INST=8x8x4 CUTLASS: M=1024 N=1024 K=32  Time=0.0342016 ms  Perf=1.96216 TFLOPs
Kernel: TB=256x128x32 WP=64x64x32 INST=16x8x8 CUTLASS: M=1024 N=1024 K=32  Time=0.0088096 ms  Perf=7.6177 TFLOPs
Kernel: TB=128x128x32 WP=64x64x32 INST=8x8x4 CUTLASS: M=1024 N=1024 K=32  Time=0.032976 ms  Perf=2.03508 TFLOPs
Kernel: TB=128x128x32 WP=64x64x32 INST=16x8x8 CUTLASS: M=1024 N=1024 K=32  Time=0.0084992 ms  Perf=7.8959 TFLOPs
Kernel: TB=128x256x32 WP=64x64x32 INST=8x8x4 CUTLASS: M=1024 N=1024 K=64  Time=0.0612736 ms  Perf=2.19047 TFLOPs
Kernel: TB=128x256x32 WP=64x64x32 INST=16x8x8 CUTLASS: M=1024 N=1024 K=64  Time=0.0123904 ms  Perf=10.8324 TFLOPs
Kernel: TB=256x128x32 WP=64x64x32 INST=8x8x4 CUTLASS: M=1024 N=1024 K=64  Time=0.0615136 ms  Perf=2.18192 TFLOPs
Kernel: TB=256x128x32 WP=64x64x32 INST=16x8x8 CUTLASS: M=1024 N=1024 K=64  Time=0.0124928 ms  Perf=10.7436 TFLOPs
Kernel: TB=128x128x32 WP=64x64x32 INST=8x8x4 CUTLASS: M=1024 N=1024 K=64  Time=0.0593952 ms  Perf=2.25974 TFLOPs
Kernel: TB=128x128x32 WP=64x64x32 INST=16x8x8 CUTLASS: M=1024 N=1024 K=64  Time=0.0104448 ms  Perf=12.8502 TFLOPs
Kernel: TB=128x256x32 WP=64x64x32 INST=8x8x4 CUTLASS: M=1024 N=1024 K=128  Time=0.116326 ms  Perf=2.30761 TFLOPs
Kernel: TB=128x256x32 WP=64x64x32 INST=16x8x8 CUTLASS: M=1024 N=1024 K=128  Time=0.0186368 ms  Perf=14.4035 TFLOPs
Kernel: TB=256x128x32 WP=64x64x32 INST=8x8x4 CUTLASS: M=1024 N=1024 K=128  Time=0.116736 ms  Perf=2.29951 TFLOPs
Kernel: TB=256x128x32 WP=64x64x32 INST=16x8x8 CUTLASS: M=1024 N=1024 K=128  Time=0.0186368 ms  Perf=14.4035 TFLOPs
Kernel: TB=128x128x32 WP=64x64x32 INST=8x8x4 CUTLASS: M=1024 N=1024 K=128  Time=0.11264 ms  Perf=2.38313 TFLOPs
Kernel: TB=128x128x32 WP=64x64x32 INST=16x8x8 CUTLASS: M=1024 N=1024 K=128  Time=0.0165888 ms  Perf=16.1817 TFLOPs
Kernel: TB=128x256x32 WP=64x64x32 INST=8x8x4 CUTLASS: M=1024 N=1024 K=256  Time=0.226509 ms  Perf=2.3702 TFLOPs
Kernel: TB=128x256x32 WP=64x64x32 INST=16x8x8 CUTLASS: M=1024 N=1024 K=256  Time=0.02888 ms  Perf=18.5897 TFLOPs
Kernel: TB=256x128x32 WP=64x64x32 INST=8x8x4 CUTLASS: M=1024 N=1024 K=256  Time=0.22784 ms  Perf=2.35635 TFLOPs
Kernel: TB=256x128x32 WP=64x64x32 INST=16x8x8 CUTLASS: M=1024 N=1024 K=256  Time=0.0289824 ms  Perf=18.524 TFLOPs
Kernel: TB=128x128x32 WP=64x64x32 INST=8x8x4 CUTLASS: M=1024 N=1024 K=256  Time=0.218522 ms  Perf=2.45683 TFLOPs
Kernel: TB=128x128x32 WP=64x64x32 INST=16x8x8 CUTLASS: M=1024 N=1024 K=256  Time=0.028816 ms  Perf=18.631 TFLOPs
Kernel: TB=128x256x32 WP=64x64x32 INST=8x8x4 CUTLASS: M=1024 N=2048 K=32  Time=0.0643808 ms  Perf=2.08475 TFLOPs
Kernel: TB=128x256x32 WP=64x64x32 INST=16x8x8 CUTLASS: M=1024 N=2048 K=32  Time=0.0165888 ms  Perf=8.09086 TFLOPs
Kernel: TB=256x128x32 WP=64x64x32 INST=8x8x4 CUTLASS: M=1024 N=2048 K=32  Time=0.0650272 ms  Perf=2.06402 TFLOPs
Kernel: TB=256x128x32 WP=64x64x32 INST=16x8x8 CUTLASS: M=1024 N=2048 K=32  Time=0.0165888 ms  Perf=8.09086 TFLOPs
Kernel: TB=128x128x32 WP=64x64x32 INST=8x8x4 CUTLASS: M=1024 N=2048 K=32  Time=0.061472 ms  Perf=2.1834 TFLOPs
Kernel: TB=128x128x32 WP=64x64x32 INST=16x8x8 CUTLASS: M=1024 N=2048 K=32  Time=0.0124928 ms  Perf=10.7436 TFLOPs
Kernel: TB=128x256x32 WP=64x64x32 INST=8x8x4 CUTLASS: M=1024 N=2048 K=64  Time=0.118784 ms  Perf=2.25986 TFLOPs
Kernel: TB=128x256x32 WP=64x64x32 INST=16x8x8 CUTLASS: M=1024 N=2048 K=64  Time=0.0227328 ms  Perf=11.8083 TFLOPs
Kernel: TB=256x128x32 WP=64x64x32 INST=8x8x4 CUTLASS: M=1024 N=2048 K=64  Time=0.118989 ms  Perf=2.25597 TFLOPs
Kernel: TB=256x128x32 WP=64x64x32 INST=16x8x8 CUTLASS: M=1024 N=2048 K=64  Time=0.0227328 ms  Perf=11.8083 TFLOPs
Kernel: TB=128x128x32 WP=64x64x32 INST=8x8x4 CUTLASS: M=1024 N=2048 K=64  Time=0.114893 ms  Perf=2.3364 TFLOPs
Kernel: TB=128x128x32 WP=64x64x32 INST=16x8x8 CUTLASS: M=1024 N=2048 K=64  Time=0.0165888 ms  Perf=16.1817 TFLOPs
Kernel: TB=128x256x32 WP=64x64x32 INST=8x8x4 CUTLASS: M=1024 N=2048 K=128  Time=0.227942 ms  Perf=2.35529 TFLOPs
Kernel: TB=128x256x32 WP=64x64x32 INST=16x8x8 CUTLASS: M=1024 N=2048 K=128  Time=0.032976 ms  Perf=16.2807 TFLOPs
Kernel: TB=256x128x32 WP=64x64x32 INST=8x8x4 CUTLASS: M=1024 N=2048 K=128  Time=0.229786 ms  Perf=2.3364 TFLOPs
Kernel: TB=256x128x32 WP=64x64x32 INST=16x8x8 CUTLASS: M=1024 N=2048 K=128  Time=0.032976 ms  Perf=16.2807 TFLOPs
Kernel: TB=128x128x32 WP=64x64x32 INST=8x8x4 CUTLASS: M=1024 N=2048 K=128  Time=0.221389 ms  Perf=2.42501 TFLOPs
Kernel: TB=128x128x32 WP=64x64x32 INST=16x8x8 CUTLASS: M=1024 N=2048 K=128  Time=0.0288192 ms  Perf=18.6289 TFLOPs
Kernel: TB=128x256x32 WP=64x64x32 INST=8x8x4 CUTLASS: M=1024 N=2048 K=256  Time=0.446874 ms  Perf=2.40279 TFLOPs
Kernel: TB=128x256x32 WP=64x64x32 INST=16x8x8 CUTLASS: M=1024 N=2048 K=256  Time=0.0563616 ms  Perf=19.0509 TFLOPs
Kernel: TB=256x128x32 WP=64x64x32 INST=8x8x4 CUTLASS: M=1024 N=2048 K=256  Time=0.451789 ms  Perf=2.37665 TFLOPs
Kernel: TB=256x128x32 WP=64x64x32 INST=16x8x8 CUTLASS: M=1024 N=2048 K=256  Time=0.0557504 ms  Perf=19.2598 TFLOPs
Kernel: TB=128x128x32 WP=64x64x32 INST=8x8x4 CUTLASS: M=1024 N=2048 K=256  Time=0.434074 ms  Perf=2.47364 TFLOPs
Kernel: TB=128x128x32 WP=64x64x32 INST=16x8x8 CUTLASS: M=1024 N=2048 K=256  Time=0.0512736 ms  Perf=20.9414 TFLOPs
Kernel: TB=128x256x32 WP=64x64x32 INST=8x8x4 CUTLASS: M=1024 N=4096 K=32  Time=0.125133 ms  Perf=2.1452 TFLOPs
Kernel: TB=128x256x32 WP=64x64x32 INST=16x8x8 CUTLASS: M=1024 N=4096 K=32  Time=0.0308928 ms  Perf=8.68926 TFLOPs
Kernel: TB=256x128x32 WP=64x64x32 INST=8x8x4 CUTLASS: M=1024 N=4096 K=32  Time=0.126365 ms  Perf=2.12429 TFLOPs
Kernel: TB=256x128x32 WP=64x64x32 INST=16x8x8 CUTLASS: M=1024 N=4096 K=32  Time=0.030896 ms  Perf=8.68836 TFLOPs
Kernel: TB=128x128x32 WP=64x64x32 INST=8x8x4 CUTLASS: M=1024 N=4096 K=32  Time=0.120832 ms  Perf=2.22156 TFLOPs
Kernel: TB=128x128x32 WP=64x64x32 INST=16x8x8 CUTLASS: M=1024 N=4096 K=32  Time=0.0207872 ms  Perf=12.9135 TFLOPs
Kernel: TB=128x256x32 WP=64x64x32 INST=8x8x4 CUTLASS: M=1024 N=4096 K=64  Time=0.232653 ms  Perf=2.30761 TFLOPs
Kernel: TB=128x256x32 WP=64x64x32 INST=16x8x8 CUTLASS: M=1024 N=4096 K=64  Time=0.0412064 ms  Perf=13.0288 TFLOPs
Kernel: TB=256x128x32 WP=64x64x32 INST=8x8x4 CUTLASS: M=1024 N=4096 K=64  Time=0.234086 ms  Perf=2.29347 TFLOPs
Kernel: TB=256x128x32 WP=64x64x32 INST=16x8x8 CUTLASS: M=1024 N=4096 K=64  Time=0.0412096 ms  Perf=13.0278 TFLOPs
Kernel: TB=128x128x32 WP=64x64x32 INST=8x8x4 CUTLASS: M=1024 N=4096 K=64  Time=0.227226 ms  Perf=2.36272 TFLOPs
Kernel: TB=128x128x32 WP=64x64x32 INST=16x8x8 CUTLASS: M=1024 N=4096 K=64  Time=0.0294336 ms  Perf=18.2401 TFLOPs
Kernel: TB=128x256x32 WP=64x64x32 INST=8x8x4 CUTLASS: M=1024 N=4096 K=128  Time=0.451277 ms  Perf=2.37934 TFLOPs
Kernel: TB=128x256x32 WP=64x64x32 INST=16x8x8 CUTLASS: M=1024 N=4096 K=128  Time=0.0655936 ms  Perf=16.3696 TFLOPs
Kernel: TB=256x128x32 WP=64x64x32 INST=8x8x4 CUTLASS: M=1024 N=4096 K=128  Time=0.454656 ms  Perf=2.36166 TFLOPs
Kernel: TB=256x128x32 WP=64x64x32 INST=16x8x8 CUTLASS: M=1024 N=4096 K=128  Time=0.0656096 ms  Perf=16.3656 TFLOPs
Kernel: TB=128x128x32 WP=64x64x32 INST=8x8x4 CUTLASS: M=1024 N=4096 K=128  Time=0.438886 ms  Perf=2.44651 TFLOPs
Kernel: TB=128x128x32 WP=64x64x32 INST=16x8x8 CUTLASS: M=1024 N=4096 K=128  Time=0.0533024 ms  Perf=20.1443 TFLOPs
Kernel: TB=128x256x32 WP=64x64x32 INST=8x8x4 CUTLASS: M=1024 N=4096 K=256  Time=0.886989 ms  Perf=2.42109 TFLOPs
Kernel: TB=128x256x32 WP=64x64x32 INST=16x8x8 CUTLASS: M=1024 N=4096 K=256  Time=0.110592 ms  Perf=19.4181 TFLOPs
Kernel: TB=256x128x32 WP=64x64x32 INST=8x8x4 CUTLASS: M=1024 N=4096 K=256  Time=0.897229 ms  Perf=2.39346 TFLOPs
Kernel: TB=256x128x32 WP=64x64x32 INST=16x8x8 CUTLASS: M=1024 N=4096 K=256  Time=0.110797 ms  Perf=19.3822 TFLOPs
Kernel: TB=128x128x32 WP=64x64x32 INST=8x8x4 CUTLASS: M=1024 N=4096 K=256  Time=0.864051 ms  Perf=2.48537 TFLOPs
Kernel: TB=128x128x32 WP=64x64x32 INST=16x8x8 CUTLASS: M=1024 N=4096 K=256  Time=0.098304 ms  Perf=21.8453 TFLOPs
Kernel: TB=128x256x32 WP=64x64x32 INST=8x8x4 CUTLASS: M=1024 N=8192 K=32  Time=0.246067 ms  Perf=2.18181 TFLOPs
Kernel: TB=128x256x32 WP=64x64x32 INST=16x8x8 CUTLASS: M=1024 N=8192 K=32  Time=0.0850944 ms  Perf=6.30912 TFLOPs
Kernel: TB=256x128x32 WP=64x64x32 INST=8x8x4 CUTLASS: M=1024 N=8192 K=32  Time=0.245248 ms  Perf=2.18909 TFLOPs
Kernel: TB=256x128x32 WP=64x64x32 INST=16x8x8 CUTLASS: M=1024 N=8192 K=32  Time=0.0857152 ms  Perf=6.26343 TFLOPs
Kernel: TB=128x128x32 WP=64x64x32 INST=8x8x4 CUTLASS: M=1024 N=8192 K=32  Time=0.233165 ms  Perf=2.30254 TFLOPs
Kernel: TB=128x128x32 WP=64x64x32 INST=16x8x8 CUTLASS: M=1024 N=8192 K=32  Time=0.0835584 ms  Perf=6.4251 TFLOPs
Kernel: TB=128x256x32 WP=64x64x32 INST=8x8x4 CUTLASS: M=1024 N=8192 K=64  Time=0.4608 ms  Perf=2.33017 TFLOPs
Kernel: TB=128x256x32 WP=64x64x32 INST=16x8x8 CUTLASS: M=1024 N=8192 K=64  Time=0.088064 ms  Perf=12.1927 TFLOPs
Kernel: TB=256x128x32 WP=64x64x32 INST=8x8x4 CUTLASS: M=1024 N=8192 K=64  Time=0.464282 ms  Perf=2.3127 TFLOPs
Kernel: TB=256x128x32 WP=64x64x32 INST=16x8x8 CUTLASS: M=1024 N=8192 K=64  Time=0.0946176 ms  Perf=11.3482 TFLOPs
Kernel: TB=128x128x32 WP=64x64x32 INST=8x8x4 CUTLASS: M=1024 N=8192 K=64  Time=0.445235 ms  Perf=2.41163 TFLOPs
Kernel: TB=128x128x32 WP=64x64x32 INST=16x8x8 CUTLASS: M=1024 N=8192 K=64  Time=0.0883712 ms  Perf=12.1504 TFLOPs
Kernel: TB=128x256x32 WP=64x64x32 INST=8x8x4 CUTLASS: M=1024 N=8192 K=128  Time=0.896819 ms  Perf=2.39456 TFLOPs
Kernel: TB=128x256x32 WP=64x64x32 INST=16x8x8 CUTLASS: M=1024 N=8192 K=128  Time=0.126566 ms  Perf=16.9672 TFLOPs
Kernel: TB=256x128x32 WP=64x64x32 INST=8x8x4 CUTLASS: M=1024 N=8192 K=128  Time=0.902758 ms  Perf=2.3788 TFLOPs
Kernel: TB=256x128x32 WP=64x64x32 INST=16x8x8 CUTLASS: M=1024 N=8192 K=128  Time=0.130458 ms  Perf=16.4612 TFLOPs
Kernel: TB=128x128x32 WP=64x64x32 INST=8x8x4 CUTLASS: M=1024 N=8192 K=128  Time=0.864256 ms  Perf=2.48478 TFLOPs
Kernel: TB=128x128x32 WP=64x64x32 INST=16x8x8 CUTLASS: M=1024 N=8192 K=128  Time=0.0978944 ms  Perf=21.9367 TFLOPs
Kernel: TB=128x256x32 WP=64x64x32 INST=8x8x4 CUTLASS: M=1024 N=8192 K=256  Time=1.76866 ms  Perf=2.42838 TFLOPs
Kernel: TB=128x256x32 WP=64x64x32 INST=16x8x8 CUTLASS: M=1024 N=8192 K=256  Time=0.219034 ms  Perf=19.6087 TFLOPs
Kernel: TB=256x128x32 WP=64x64x32 INST=8x8x4 CUTLASS: M=1024 N=8192 K=256  Time=1.78616 ms  Perf=2.40458 TFLOPs
Kernel: TB=256x128x32 WP=64x64x32 INST=16x8x8 CUTLASS: M=1024 N=8192 K=256  Time=0.221798 ms  Perf=19.3643 TFLOPs
Kernel: TB=128x128x32 WP=64x64x32 INST=8x8x4 CUTLASS: M=1024 N=8192 K=256  Time=1.70394 ms  Perf=2.52062 TFLOPs
Kernel: TB=128x128x32 WP=64x64x32 INST=16x8x8 CUTLASS: M=1024 N=8192 K=256  Time=0.182067 ms  Perf=23.59 TFLOPs
Kernel: TB=128x256x32 WP=64x64x32 INST=8x8x4 CUTLASS: M=2048 N=1024 K=32  Time=0.0645856 ms  Perf=2.07814 TFLOPs
Kernel: TB=128x256x32 WP=64x64x32 INST=16x8x8 CUTLASS: M=2048 N=1024 K=32  Time=0.0165888 ms  Perf=8.09086 TFLOPs
Kernel: TB=256x128x32 WP=64x64x32 INST=8x8x4 CUTLASS: M=2048 N=1024 K=32  Time=0.0655808 ms  Perf=2.0466 TFLOPs
Kernel: TB=256x128x32 WP=64x64x32 INST=16x8x8 CUTLASS: M=2048 N=1024 K=32  Time=0.0165888 ms  Perf=8.09086 TFLOPs
Kernel: TB=128x128x32 WP=64x64x32 INST=8x8x4 CUTLASS: M=2048 N=1024 K=32  Time=0.061472 ms  Perf=2.1834 TFLOPs
Kernel: TB=128x128x32 WP=64x64x32 INST=16x8x8 CUTLASS: M=2048 N=1024 K=32  Time=0.0124928 ms  Perf=10.7436 TFLOPs
Kernel: TB=128x256x32 WP=64x64x32 INST=8x8x4 CUTLASS: M=2048 N=1024 K=64  Time=0.118784 ms  Perf=2.25986 TFLOPs
Kernel: TB=128x256x32 WP=64x64x32 INST=16x8x8 CUTLASS: M=2048 N=1024 K=64  Time=0.0227328 ms  Perf=11.8083 TFLOPs
Kernel: TB=256x128x32 WP=64x64x32 INST=8x8x4 CUTLASS: M=2048 N=1024 K=64  Time=0.119398 ms  Perf=2.24823 TFLOPs
Kernel: TB=256x128x32 WP=64x64x32 INST=16x8x8 CUTLASS: M=2048 N=1024 K=64  Time=0.0227328 ms  Perf=11.8083 TFLOPs
Kernel: TB=128x128x32 WP=64x64x32 INST=8x8x4 CUTLASS: M=2048 N=1024 K=64  Time=0.114893 ms  Perf=2.3364 TFLOPs
Kernel: TB=128x128x32 WP=64x64x32 INST=16x8x8 CUTLASS: M=2048 N=1024 K=64  Time=0.0167936 ms  Perf=15.9844 TFLOPs
Kernel: TB=128x256x32 WP=64x64x32 INST=8x8x4 CUTLASS: M=2048 N=1024 K=128  Time=0.228147 ms  Perf=2.35318 TFLOPs
Kernel: TB=128x256x32 WP=64x64x32 INST=16x8x8 CUTLASS: M=2048 N=1024 K=128  Time=0.0329664 ms  Perf=16.2854 TFLOPs
Kernel: TB=256x128x32 WP=64x64x32 INST=8x8x4 CUTLASS: M=2048 N=1024 K=128  Time=0.229376 ms  Perf=2.34057 TFLOPs
Kernel: TB=256x128x32 WP=64x64x32 INST=16x8x8 CUTLASS: M=2048 N=1024 K=128  Time=0.032976 ms  Perf=16.2807 TFLOPs
Kernel: TB=128x128x32 WP=64x64x32 INST=8x8x4 CUTLASS: M=2048 N=1024 K=128  Time=0.221389 ms  Perf=2.42501 TFLOPs
Kernel: TB=128x128x32 WP=64x64x32 INST=16x8x8 CUTLASS: M=2048 N=1024 K=128  Time=0.0288192 ms  Perf=18.6289 TFLOPs
Kernel: TB=128x256x32 WP=64x64x32 INST=8x8x4 CUTLASS: M=2048 N=1024 K=256  Time=0.447078 ms  Perf=2.40169 TFLOPs
Kernel: TB=128x256x32 WP=64x64x32 INST=16x8x8 CUTLASS: M=2048 N=1024 K=256  Time=0.0561536 ms  Perf=19.1215 TFLOPs
Kernel: TB=256x128x32 WP=64x64x32 INST=8x8x4 CUTLASS: M=2048 N=1024 K=256  Time=0.452096 ms  Perf=2.37503 TFLOPs
Kernel: TB=256x128x32 WP=64x64x32 INST=16x8x8 CUTLASS: M=2048 N=1024 K=256  Time=0.0569792 ms  Perf=18.8445 TFLOPs
Kernel: TB=128x128x32 WP=64x64x32 INST=8x8x4 CUTLASS: M=2048 N=1024 K=256  Time=0.434278 ms  Perf=2.47247 TFLOPs
Kernel: TB=128x128x32 WP=64x64x32 INST=16x8x8 CUTLASS: M=2048 N=1024 K=256  Time=0.0512416 ms  Perf=20.9545 TFLOPs
Kernel: TB=128x256x32 WP=64x64x32 INST=8x8x4 CUTLASS: M=2048 N=2048 K=32  Time=0.125747 ms  Perf=2.13472 TFLOPs
Kernel: TB=128x256x32 WP=64x64x32 INST=16x8x8 CUTLASS: M=2048 N=2048 K=32  Time=0.030928 ms  Perf=8.67937 TFLOPs
Kernel: TB=256x128x32 WP=64x64x32 INST=8x8x4 CUTLASS: M=2048 N=2048 K=32  Time=0.126157 ms  Perf=2.12779 TFLOPs
Kernel: TB=256x128x32 WP=64x64x32 INST=16x8x8 CUTLASS: M=2048 N=2048 K=32  Time=0.030928 ms  Perf=8.67937 TFLOPs
Kernel: TB=128x128x32 WP=64x64x32 INST=8x8x4 CUTLASS: M=2048 N=2048 K=32  Time=0.120832 ms  Perf=2.22156 TFLOPs
Kernel: TB=128x128x32 WP=64x64x32 INST=16x8x8 CUTLASS: M=2048 N=2048 K=32  Time=0.0207872 ms  Perf=12.9135 TFLOPs
Kernel: TB=128x256x32 WP=64x64x32 INST=8x8x4 CUTLASS: M=2048 N=2048 K=64  Time=0.23337 ms  Perf=2.30052 TFLOPs
Kernel: TB=128x256x32 WP=64x64x32 INST=16x8x8 CUTLASS: M=2048 N=2048 K=64  Time=0.0412096 ms  Perf=13.0278 TFLOPs
Kernel: TB=256x128x32 WP=64x64x32 INST=8x8x4 CUTLASS: M=2048 N=2048 K=64  Time=0.23337 ms  Perf=2.30052 TFLOPs
Kernel: TB=256x128x32 WP=64x64x32 INST=16x8x8 CUTLASS: M=2048 N=2048 K=64  Time=0.0416192 ms  Perf=12.8996 TFLOPs
Kernel: TB=128x128x32 WP=64x64x32 INST=8x8x4 CUTLASS: M=2048 N=2048 K=64  Time=0.227328 ms  Perf=2.36166 TFLOPs
Kernel: TB=128x128x32 WP=64x64x32 INST=16x8x8 CUTLASS: M=2048 N=2048 K=64  Time=0.0295936 ms  Perf=18.1415 TFLOPs
Kernel: TB=128x256x32 WP=64x64x32 INST=8x8x4 CUTLASS: M=2048 N=2048 K=128  Time=0.45097 ms  Perf=2.38096 TFLOPs
Kernel: TB=128x256x32 WP=64x64x32 INST=16x8x8 CUTLASS: M=2048 N=2048 K=128  Time=0.0656064 ms  Perf=16.3664 TFLOPs
Kernel: TB=256x128x32 WP=64x64x32 INST=8x8x4 CUTLASS: M=2048 N=2048 K=128  Time=0.454042 ms  Perf=2.36485 TFLOPs
Kernel: TB=256x128x32 WP=64x64x32 INST=16x8x8 CUTLASS: M=2048 N=2048 K=128  Time=0.0656096 ms  Perf=16.3656 TFLOPs
Kernel: TB=128x128x32 WP=64x64x32 INST=8x8x4 CUTLASS: M=2048 N=2048 K=128  Time=0.438682 ms  Perf=2.44766 TFLOPs
Kernel: TB=128x128x32 WP=64x64x32 INST=16x8x8 CUTLASS: M=2048 N=2048 K=128  Time=0.0533216 ms  Perf=20.1371 TFLOPs
Kernel: TB=128x256x32 WP=64x64x32 INST=8x8x4 CUTLASS: M=2048 N=2048 K=256  Time=0.888422 ms  Perf=2.41719 TFLOPs
Kernel: TB=128x256x32 WP=64x64x32 INST=16x8x8 CUTLASS: M=2048 N=2048 K=256  Time=0.110592 ms  Perf=19.4181 TFLOPs
Kernel: TB=256x128x32 WP=64x64x32 INST=8x8x4 CUTLASS: M=2048 N=2048 K=256  Time=0.896614 ms  Perf=2.3951 TFLOPs
Kernel: TB=256x128x32 WP=64x64x32 INST=16x8x8 CUTLASS: M=2048 N=2048 K=256  Time=0.110797 ms  Perf=19.3822 TFLOPs
Kernel: TB=128x128x32 WP=64x64x32 INST=8x8x4 CUTLASS: M=2048 N=2048 K=256  Time=0.865894 ms  Perf=2.48008 TFLOPs
Kernel: TB=128x128x32 WP=64x64x32 INST=16x8x8 CUTLASS: M=2048 N=2048 K=256  Time=0.098304 ms  Perf=21.8453 TFLOPs
Kernel: TB=128x256x32 WP=64x64x32 INST=8x8x4 CUTLASS: M=2048 N=4096 K=32  Time=0.248832 ms  Perf=2.15756 TFLOPs
Kernel: TB=128x256x32 WP=64x64x32 INST=16x8x8 CUTLASS: M=2048 N=4096 K=32  Time=0.0846848 ms  Perf=6.33964 TFLOPs
Kernel: TB=256x128x32 WP=64x64x32 INST=8x8x4 CUTLASS: M=2048 N=4096 K=32  Time=0.246886 ms  Perf=2.17457 TFLOPs
Kernel: TB=256x128x32 WP=64x64x32 INST=16x8x8 CUTLASS: M=2048 N=4096 K=32  Time=0.0840704 ms  Perf=6.38597 TFLOPs
Kernel: TB=128x128x32 WP=64x64x32 INST=8x8x4 CUTLASS: M=2048 N=4096 K=32  Time=0.234803 ms  Perf=2.28647 TFLOPs
Kernel: TB=128x128x32 WP=64x64x32 INST=16x8x8 CUTLASS: M=2048 N=4096 K=32  Time=0.0822272 ms  Perf=6.52912 TFLOPs
Kernel: TB=128x256x32 WP=64x64x32 INST=8x8x4 CUTLASS: M=2048 N=4096 K=64  Time=0.464077 ms  Perf=2.31372 TFLOPs
Kernel: TB=128x256x32 WP=64x64x32 INST=16x8x8 CUTLASS: M=2048 N=4096 K=64  Time=0.0948224 ms  Perf=11.3237 TFLOPs
Kernel: TB=256x128x32 WP=64x64x32 INST=8x8x4 CUTLASS: M=2048 N=4096 K=64  Time=0.463565 ms  Perf=2.31627 TFLOPs
Kernel: TB=256x128x32 WP=64x64x32 INST=16x8x8 CUTLASS: M=2048 N=4096 K=64  Time=0.0929792 ms  Perf=11.5482 TFLOPs
Kernel: TB=128x128x32 WP=64x64x32 INST=8x8x4 CUTLASS: M=2048 N=4096 K=64  Time=0.447078 ms  Perf=2.40169 TFLOPs
Kernel: TB=128x128x32 WP=64x64x32 INST=16x8x8 CUTLASS: M=2048 N=4096 K=64  Time=0.0856064 ms  Perf=12.5428 TFLOPs
Kernel: TB=128x256x32 WP=64x64x32 INST=8x8x4 CUTLASS: M=2048 N=4096 K=128  Time=0.895795 ms  Perf=2.39729 TFLOPs
Kernel: TB=128x256x32 WP=64x64x32 INST=16x8x8 CUTLASS: M=2048 N=4096 K=128  Time=0.13353 ms  Perf=16.0825 TFLOPs
Kernel: TB=256x128x32 WP=64x64x32 INST=8x8x4 CUTLASS: M=2048 N=4096 K=128  Time=0.903168 ms  Perf=2.37772 TFLOPs
Kernel: TB=256x128x32 WP=64x64x32 INST=16x8x8 CUTLASS: M=2048 N=4096 K=128  Time=0.135168 ms  Perf=15.8875 TFLOPs
Kernel: TB=128x128x32 WP=64x64x32 INST=8x8x4 CUTLASS: M=2048 N=4096 K=128  Time=0.860979 ms  Perf=2.49423 TFLOPs
Kernel: TB=128x128x32 WP=64x64x32 INST=16x8x8 CUTLASS: M=2048 N=4096 K=128  Time=0.0968704 ms  Perf=22.1686 TFLOPs
Kernel: TB=128x256x32 WP=64x64x32 INST=8x8x4 CUTLASS: M=2048 N=4096 K=256  Time=1.76988 ms  Perf=2.4267 TFLOPs
Kernel: TB=128x256x32 WP=64x64x32 INST=16x8x8 CUTLASS: M=2048 N=4096 K=256  Time=0.218419 ms  Perf=19.6639 TFLOPs
Kernel: TB=256x128x32 WP=64x64x32 INST=8x8x4 CUTLASS: M=2048 N=4096 K=256  Time=1.78925 ms  Perf=2.40042 TFLOPs
Kernel: TB=256x128x32 WP=64x64x32 INST=16x8x8 CUTLASS: M=2048 N=4096 K=256  Time=0.219648 ms  Perf=19.5539 TFLOPs
Kernel: TB=128x128x32 WP=64x64x32 INST=8x8x4 CUTLASS: M=2048 N=4096 K=256  Time=1.69615 ms  Perf=2.53218 TFLOPs
Kernel: TB=128x128x32 WP=64x64x32 INST=16x8x8 CUTLASS: M=2048 N=4096 K=256  Time=0.18135 ms  Perf=23.6833 TFLOPs
Kernel: TB=128x256x32 WP=64x64x32 INST=8x8x4 CUTLASS: M=2048 N=8192 K=32  Time=0.458035 ms  Perf=2.34423 TFLOPs
Kernel: TB=128x256x32 WP=64x64x32 INST=16x8x8 CUTLASS: M=2048 N=8192 K=32  Time=0.16343 ms  Perf=6.57002 TFLOPs
Kernel: TB=256x128x32 WP=64x64x32 INST=8x8x4 CUTLASS: M=2048 N=8192 K=32  Time=0.458957 ms  Perf=2.33953 TFLOPs
Kernel: TB=256x128x32 WP=64x64x32 INST=16x8x8 CUTLASS: M=2048 N=8192 K=32  Time=0.16599 ms  Perf=6.4687 TFLOPs
Kernel: TB=128x128x32 WP=64x64x32 INST=8x8x4 CUTLASS: M=2048 N=8192 K=32  Time=0.435917 ms  Perf=2.46318 TFLOPs
Kernel: TB=128x128x32 WP=64x64x32 INST=16x8x8 CUTLASS: M=2048 N=8192 K=32  Time=0.165069 ms  Perf=6.50481 TFLOPs
Kernel: TB=128x256x32 WP=64x64x32 INST=8x8x4 CUTLASS: M=2048 N=8192 K=64  Time=0.862413 ms  Perf=2.49009 TFLOPs
Kernel: TB=128x256x32 WP=64x64x32 INST=16x8x8 CUTLASS: M=2048 N=8192 K=64  Time=0.171622 ms  Perf=12.5128 TFLOPs
Kernel: TB=256x128x32 WP=64x64x32 INST=8x8x4 CUTLASS: M=2048 N=8192 K=64  Time=0.866918 ms  Perf=2.47715 TFLOPs
Kernel: TB=256x128x32 WP=64x64x32 INST=16x8x8 CUTLASS: M=2048 N=8192 K=64  Time=0.176538 ms  Perf=12.1645 TFLOPs
Kernel: TB=128x128x32 WP=64x64x32 INST=8x8x4 CUTLASS: M=2048 N=8192 K=64  Time=0.832307 ms  Perf=2.58016 TFLOPs
Kernel: TB=128x128x32 WP=64x64x32 INST=16x8x8 CUTLASS: M=2048 N=8192 K=64  Time=0.173568 ms  Perf=12.3726 TFLOPs
Kernel: TB=128x256x32 WP=64x64x32 INST=8x8x4 CUTLASS: M=2048 N=8192 K=128  Time=1.67997 ms  Perf=2.55657 TFLOPs
Kernel: TB=128x256x32 WP=64x64x32 INST=16x8x8 CUTLASS: M=2048 N=8192 K=128  Time=0.234707 ms  Perf=18.2993 TFLOPs
Kernel: TB=256x128x32 WP=64x64x32 INST=8x8x4 CUTLASS: M=2048 N=8192 K=128  Time=1.6937 ms  Perf=2.53585 TFLOPs
Kernel: TB=256x128x32 WP=64x64x32 INST=16x8x8 CUTLASS: M=2048 N=8192 K=128  Time=0.234598 ms  Perf=18.3077 TFLOPs
Kernel: TB=128x128x32 WP=64x64x32 INST=8x8x4 CUTLASS: M=2048 N=8192 K=128  Time=1.62058 ms  Perf=2.65026 TFLOPs
Kernel: TB=128x128x32 WP=64x64x32 INST=16x8x8 CUTLASS: M=2048 N=8192 K=128  Time=0.183706 ms  Perf=23.3796 TFLOPs
Kernel: TB=128x256x32 WP=64x64x32 INST=8x8x4 CUTLASS: M=2048 N=8192 K=256  Time=3.31735 ms  Perf=2.5894 TFLOPs
Kernel: TB=128x256x32 WP=64x64x32 INST=16x8x8 CUTLASS: M=2048 N=8192 K=256  Time=0.407859 ms  Perf=21.061 TFLOPs
Kernel: TB=256x128x32 WP=64x64x32 INST=8x8x4 CUTLASS: M=2048 N=8192 K=256  Time=3.35053 ms  Perf=2.56376 TFLOPs
Kernel: TB=256x128x32 WP=64x64x32 INST=16x8x8 CUTLASS: M=2048 N=8192 K=256  Time=0.409498 ms  Perf=20.9768 TFLOPs
Kernel: TB=128x128x32 WP=64x64x32 INST=8x8x4 CUTLASS: M=2048 N=8192 K=256  Time=3.20625 ms  Perf=2.67912 TFLOPs
Kernel: TB=128x128x32 WP=64x64x32 INST=16x8x8 CUTLASS: M=2048 N=8192 K=256  Time=0.347443 ms  Perf=24.7233 TFLOPs
Kernel: TB=128x256x32 WP=64x64x32 INST=8x8x4 CUTLASS: M=4096 N=1024 K=32  Time=0.125542 ms  Perf=2.13821 TFLOPs
Kernel: TB=128x256x32 WP=64x64x32 INST=16x8x8 CUTLASS: M=4096 N=1024 K=32  Time=0.030912 ms  Perf=8.68386 TFLOPs
Kernel: TB=256x128x32 WP=64x64x32 INST=8x8x4 CUTLASS: M=4096 N=1024 K=32  Time=0.126157 ms  Perf=2.12779 TFLOPs
Kernel: TB=256x128x32 WP=64x64x32 INST=16x8x8 CUTLASS: M=4096 N=1024 K=32  Time=0.0309248 ms  Perf=8.68026 TFLOPs
Kernel: TB=128x128x32 WP=64x64x32 INST=8x8x4 CUTLASS: M=4096 N=1024 K=32  Time=0.120832 ms  Perf=2.22156 TFLOPs
Kernel: TB=128x128x32 WP=64x64x32 INST=16x8x8 CUTLASS: M=4096 N=1024 K=32  Time=0.0207872 ms  Perf=12.9135 TFLOPs
Kernel: TB=128x256x32 WP=64x64x32 INST=8x8x4 CUTLASS: M=4096 N=1024 K=64  Time=0.233267 ms  Perf=2.30153 TFLOPs
Kernel: TB=128x256x32 WP=64x64x32 INST=16x8x8 CUTLASS: M=4096 N=1024 K=64  Time=0.0412096 ms  Perf=13.0278 TFLOPs
Kernel: TB=256x128x32 WP=64x64x32 INST=8x8x4 CUTLASS: M=4096 N=1024 K=64  Time=0.234291 ms  Perf=2.29147 TFLOPs
Kernel: TB=256x128x32 WP=64x64x32 INST=16x8x8 CUTLASS: M=4096 N=1024 K=64  Time=0.0412096 ms  Perf=13.0278 TFLOPs
Kernel: TB=128x128x32 WP=64x64x32 INST=8x8x4 CUTLASS: M=4096 N=1024 K=64  Time=0.227226 ms  Perf=2.36272 TFLOPs
Kernel: TB=128x128x32 WP=64x64x32 INST=16x8x8 CUTLASS: M=4096 N=1024 K=64  Time=0.0296672 ms  Perf=18.0964 TFLOPs
Kernel: TB=128x256x32 WP=64x64x32 INST=8x8x4 CUTLASS: M=4096 N=1024 K=128  Time=0.450864 ms  Perf=2.38152 TFLOPs
Kernel: TB=128x256x32 WP=64x64x32 INST=16x8x8 CUTLASS: M=4096 N=1024 K=128  Time=0.0656128 ms  Perf=16.3648 TFLOPs
Kernel: TB=256x128x32 WP=64x64x32 INST=8x8x4 CUTLASS: M=4096 N=1024 K=128  Time=0.454758 ms  Perf=2.36113 TFLOPs
Kernel: TB=256x128x32 WP=64x64x32 INST=16x8x8 CUTLASS: M=4096 N=1024 K=128  Time=0.0656096 ms  Perf=16.3656 TFLOPs
Kernel: TB=128x128x32 WP=64x64x32 INST=8x8x4 CUTLASS: M=4096 N=1024 K=128  Time=0.438989 ms  Perf=2.44594 TFLOPs
Kernel: TB=128x128x32 WP=64x64x32 INST=16x8x8 CUTLASS: M=4096 N=1024 K=128  Time=0.0533216 ms  Perf=20.1371 TFLOPs
Kernel: TB=128x256x32 WP=64x64x32 INST=8x8x4 CUTLASS: M=4096 N=1024 K=256  Time=0.887398 ms  Perf=2.41998 TFLOPs
Kernel: TB=128x256x32 WP=64x64x32 INST=16x8x8 CUTLASS: M=4096 N=1024 K=256  Time=0.110592 ms  Perf=19.4181 TFLOPs
Kernel: TB=256x128x32 WP=64x64x32 INST=8x8x4 CUTLASS: M=4096 N=1024 K=256  Time=0.896819 ms  Perf=2.39456 TFLOPs
Kernel: TB=256x128x32 WP=64x64x32 INST=16x8x8 CUTLASS: M=4096 N=1024 K=256  Time=0.110592 ms  Perf=19.4181 TFLOPs
Kernel: TB=128x128x32 WP=64x64x32 INST=8x8x4 CUTLASS: M=4096 N=1024 K=256  Time=0.864874 ms  Perf=2.483 TFLOPs
Kernel: TB=128x128x32 WP=64x64x32 INST=16x8x8 CUTLASS: M=4096 N=1024 K=256  Time=0.098304 ms  Perf=21.8453 TFLOPs
Kernel: TB=128x256x32 WP=64x64x32 INST=8x8x4 CUTLASS: M=4096 N=2048 K=32  Time=0.24576 ms  Perf=2.18453 TFLOPs
Kernel: TB=128x256x32 WP=64x64x32 INST=16x8x8 CUTLASS: M=4096 N=2048 K=32  Time=0.0795648 ms  Perf=6.74759 TFLOPs
Kernel: TB=256x128x32 WP=64x64x32 INST=8x8x4 CUTLASS: M=4096 N=2048 K=32  Time=0.243814 ms  Perf=2.20197 TFLOPs
Kernel: TB=256x128x32 WP=64x64x32 INST=16x8x8 CUTLASS: M=4096 N=2048 K=32  Time=0.0799744 ms  Perf=6.71303 TFLOPs
Kernel: TB=128x128x32 WP=64x64x32 INST=8x8x4 CUTLASS: M=4096 N=2048 K=32  Time=0.232141 ms  Perf=2.3127 TFLOPs
Kernel: TB=128x128x32 WP=64x64x32 INST=16x8x8 CUTLASS: M=4096 N=2048 K=32  Time=0.0795648 ms  Perf=6.74759 TFLOPs
Kernel: TB=128x256x32 WP=64x64x32 INST=8x8x4 CUTLASS: M=4096 N=2048 K=64  Time=0.459981 ms  Perf=2.33432 TFLOPs
Kernel: TB=128x256x32 WP=64x64x32 INST=16x8x8 CUTLASS: M=4096 N=2048 K=64  Time=0.0852992 ms  Perf=12.5879 TFLOPs
Kernel: TB=256x128x32 WP=64x64x32 INST=8x8x4 CUTLASS: M=4096 N=2048 K=64  Time=0.459981 ms  Perf=2.33432 TFLOPs
Kernel: TB=256x128x32 WP=64x64x32 INST=16x8x8 CUTLASS: M=4096 N=2048 K=64  Time=0.082944 ms  Perf=12.9454 TFLOPs
Kernel: TB=128x128x32 WP=64x64x32 INST=8x8x4 CUTLASS: M=4096 N=2048 K=64  Time=0.442061 ms  Perf=2.42895 TFLOPs
Kernel: TB=128x128x32 WP=64x64x32 INST=16x8x8 CUTLASS: M=4096 N=2048 K=64  Time=0.0799744 ms  Perf=13.4261 TFLOPs
Kernel: TB=128x256x32 WP=64x64x32 INST=8x8x4 CUTLASS: M=4096 N=2048 K=128  Time=0.894976 ms  Perf=2.39949 TFLOPs
Kernel: TB=128x256x32 WP=64x64x32 INST=16x8x8 CUTLASS: M=4096 N=2048 K=128  Time=0.128819 ms  Perf=16.6705 TFLOPs
Kernel: TB=256x128x32 WP=64x64x32 INST=8x8x4 CUTLASS: M=4096 N=2048 K=128  Time=0.903168 ms  Perf=2.37772 TFLOPs
Kernel: TB=256x128x32 WP=64x64x32 INST=16x8x8 CUTLASS: M=4096 N=2048 K=128  Time=0.12841 ms  Perf=16.7237 TFLOPs
Kernel: TB=128x128x32 WP=64x64x32 INST=8x8x4 CUTLASS: M=4096 N=2048 K=128  Time=0.85975 ms  Perf=2.4978 TFLOPs
Kernel: TB=128x128x32 WP=64x64x32 INST=16x8x8 CUTLASS: M=4096 N=2048 K=128  Time=0.0964608 ms  Perf=22.2628 TFLOPs
Kernel: TB=128x256x32 WP=64x64x32 INST=8x8x4 CUTLASS: M=4096 N=2048 K=256  Time=1.76783 ms  Perf=2.42951 TFLOPs
Kernel: TB=128x256x32 WP=64x64x32 INST=16x8x8 CUTLASS: M=4096 N=2048 K=256  Time=0.218522 ms  Perf=19.6547 TFLOPs
Kernel: TB=256x128x32 WP=64x64x32 INST=8x8x4 CUTLASS: M=4096 N=2048 K=256  Time=1.78371 ms  Perf=2.40789 TFLOPs
Kernel: TB=256x128x32 WP=64x64x32 INST=16x8x8 CUTLASS: M=4096 N=2048 K=256  Time=0.219136 ms  Perf=19.5996 TFLOPs
Kernel: TB=128x128x32 WP=64x64x32 INST=8x8x4 CUTLASS: M=4096 N=2048 K=256  Time=1.69615 ms  Perf=2.53218 TFLOPs
Kernel: TB=128x128x32 WP=64x64x32 INST=16x8x8 CUTLASS: M=4096 N=2048 K=256  Time=0.181146 ms  Perf=23.71 TFLOPs
Kernel: TB=128x256x32 WP=64x64x32 INST=8x8x4 CUTLASS: M=4096 N=4096 K=32  Time=0.45936 ms  Perf=2.33747 TFLOPs
Kernel: TB=128x256x32 WP=64x64x32 INST=16x8x8 CUTLASS: M=4096 N=4096 K=32  Time=0.161587 ms  Perf=6.64497 TFLOPs
Kernel: TB=256x128x32 WP=64x64x32 INST=8x8x4 CUTLASS: M=4096 N=4096 K=32  Time=0.459571 ms  Perf=2.3364 TFLOPs
Kernel: TB=256x128x32 WP=64x64x32 INST=16x8x8 CUTLASS: M=4096 N=4096 K=32  Time=0.161997 ms  Perf=6.62817 TFLOPs
Kernel: TB=128x128x32 WP=64x64x32 INST=8x8x4 CUTLASS: M=4096 N=4096 K=32  Time=0.436429 ms  Perf=2.46029 TFLOPs
Kernel: TB=128x128x32 WP=64x64x32 INST=16x8x8 CUTLASS: M=4096 N=4096 K=32  Time=0.161178 ms  Perf=6.66185 TFLOPs
Kernel: TB=128x256x32 WP=64x64x32 INST=8x8x4 CUTLASS: M=4096 N=4096 K=64  Time=0.862618 ms  Perf=2.4895 TFLOPs
Kernel: TB=128x256x32 WP=64x64x32 INST=16x8x8 CUTLASS: M=4096 N=4096 K=64  Time=0.181248 ms  Perf=11.8483 TFLOPs
Kernel: TB=256x128x32 WP=64x64x32 INST=8x8x4 CUTLASS: M=4096 N=4096 K=64  Time=0.866099 ms  Perf=2.47949 TFLOPs
Kernel: TB=256x128x32 WP=64x64x32 INST=16x8x8 CUTLASS: M=4096 N=4096 K=64  Time=0.166707 ms  Perf=12.8818 TFLOPs
Kernel: TB=128x128x32 WP=64x64x32 INST=8x8x4 CUTLASS: M=4096 N=4096 K=64  Time=0.832717 ms  Perf=2.57889 TFLOPs
Kernel: TB=128x128x32 WP=64x64x32 INST=16x8x8 CUTLASS: M=4096 N=4096 K=64  Time=0.164864 ms  Perf=13.0258 TFLOPs
Kernel: TB=128x256x32 WP=64x64x32 INST=8x8x4 CUTLASS: M=4096 N=4096 K=128  Time=1.6769 ms  Perf=2.56125 TFLOPs
Kernel: TB=128x256x32 WP=64x64x32 INST=16x8x8 CUTLASS: M=4096 N=4096 K=128  Time=0.231834 ms  Perf=18.5261 TFLOPs
Kernel: TB=256x128x32 WP=64x64x32 INST=8x8x4 CUTLASS: M=4096 N=4096 K=128  Time=1.69001 ms  Perf=2.54139 TFLOPs
Kernel: TB=256x128x32 WP=64x64x32 INST=16x8x8 CUTLASS: M=4096 N=4096 K=128  Time=0.234701 ms  Perf=18.2998 TFLOPs
Kernel: TB=128x128x32 WP=64x64x32 INST=8x8x4 CUTLASS: M=4096 N=4096 K=128  Time=1.61997 ms  Perf=2.65127 TFLOPs
Kernel: TB=128x128x32 WP=64x64x32 INST=16x8x8 CUTLASS: M=4096 N=4096 K=128  Time=0.182579 ms  Perf=23.5239 TFLOPs
Kernel: TB=128x256x32 WP=64x64x32 INST=8x8x4 CUTLASS: M=4096 N=4096 K=256  Time=3.32165 ms  Perf=2.58604 TFLOPs
Kernel: TB=128x256x32 WP=64x64x32 INST=16x8x8 CUTLASS: M=4096 N=4096 K=256  Time=0.407859 ms  Perf=21.061 TFLOPs
Kernel: TB=256x128x32 WP=64x64x32 INST=8x8x4 CUTLASS: M=4096 N=4096 K=256  Time=3.35688 ms  Perf=2.55891 TFLOPs
Kernel: TB=256x128x32 WP=64x64x32 INST=16x8x8 CUTLASS: M=4096 N=4096 K=256  Time=0.409088 ms  Perf=20.9978 TFLOPs
Kernel: TB=128x128x32 WP=64x64x32 INST=8x8x4 CUTLASS: M=4096 N=4096 K=256  Time=3.20031 ms  Perf=2.6841 TFLOPs
Kernel: TB=128x128x32 WP=64x64x32 INST=16x8x8 CUTLASS: M=4096 N=4096 K=256  Time=0.346522 ms  Perf=24.789 TFLOPs
Kernel: TB=128x256x32 WP=64x64x32 INST=8x8x4 CUTLASS: M=4096 N=8192 K=32  Time=0.882278 ms  Perf=2.43402 TFLOPs
Kernel: TB=128x256x32 WP=64x64x32 INST=16x8x8 CUTLASS: M=4096 N=8192 K=32  Time=0.318669 ms  Perf=6.73892 TFLOPs
Kernel: TB=256x128x32 WP=64x64x32 INST=8x8x4 CUTLASS: M=4096 N=8192 K=32  Time=0.883507 ms  Perf=2.43064 TFLOPs
Kernel: TB=256x128x32 WP=64x64x32 INST=16x8x8 CUTLASS: M=4096 N=8192 K=32  Time=0.321843 ms  Perf=6.67245 TFLOPs
Kernel: TB=128x128x32 WP=64x64x32 INST=8x8x4 CUTLASS: M=4096 N=8192 K=32  Time=0.84439 ms  Perf=2.54324 TFLOPs
Kernel: TB=128x128x32 WP=64x64x32 INST=16x8x8 CUTLASS: M=4096 N=8192 K=32  Time=0.322458 ms  Perf=6.65974 TFLOPs
Kernel: TB=128x256x32 WP=64x64x32 INST=8x8x4 CUTLASS: M=4096 N=8192 K=64  Time=1.66134 ms  Perf=2.58525 TFLOPs
Kernel: TB=128x256x32 WP=64x64x32 INST=16x8x8 CUTLASS: M=4096 N=8192 K=64  Time=0.324915 ms  Perf=13.2187 TFLOPs
Kernel: TB=256x128x32 WP=64x64x32 INST=8x8x4 CUTLASS: M=4096 N=8192 K=64  Time=1.66912 ms  Perf=2.57319 TFLOPs
Kernel: TB=256x128x32 WP=64x64x32 INST=16x8x8 CUTLASS: M=4096 N=8192 K=64  Time=0.329626 ms  Perf=13.0298 TFLOPs
Kernel: TB=128x128x32 WP=64x64x32 INST=8x8x4 CUTLASS: M=4096 N=8192 K=64  Time=1.61751 ms  Perf=2.65529 TFLOPs
Kernel: TB=128x128x32 WP=64x64x32 INST=16x8x8 CUTLASS: M=4096 N=8192 K=64  Time=0.331469 ms  Perf=12.9574 TFLOPs
Kernel: TB=128x256x32 WP=64x64x32 INST=8x8x4 CUTLASS: M=4096 N=8192 K=128  Time=3.25037 ms  Perf=2.64275 TFLOPs
Kernel: TB=128x256x32 WP=64x64x32 INST=16x8x8 CUTLASS: M=4096 N=8192 K=128  Time=0.451994 ms  Perf=19.0045 TFLOPs
Kernel: TB=256x128x32 WP=64x64x32 INST=8x8x4 CUTLASS: M=4096 N=8192 K=128  Time=3.2768 ms  Perf=2.62144 TFLOPs
Kernel: TB=256x128x32 WP=64x64x32 INST=16x8x8 CUTLASS: M=4096 N=8192 K=128  Time=0.45527 ms  Perf=18.8678 TFLOPs
Kernel: TB=128x128x32 WP=64x64x32 INST=8x8x4 CUTLASS: M=4096 N=8192 K=128  Time=3.15197 ms  Perf=2.72526 TFLOPs
Kernel: TB=128x128x32 WP=64x64x32 INST=16x8x8 CUTLASS: M=4096 N=8192 K=128  Time=0.354304 ms  Perf=24.2445 TFLOPs
Kernel: TB=128x256x32 WP=64x64x32 INST=8x8x4 CUTLASS: M=4096 N=8192 K=256  Time=6.42601 ms  Perf=2.67349 TFLOPs
Kernel: TB=128x256x32 WP=64x64x32 INST=16x8x8 CUTLASS: M=4096 N=8192 K=256  Time=0.788582 ms  Perf=21.7858 TFLOPs
Kernel: TB=256x128x32 WP=64x64x32 INST=8x8x4 CUTLASS: M=4096 N=8192 K=256  Time=6.49226 ms  Perf=2.64621 TFLOPs
Kernel: TB=256x128x32 WP=64x64x32 INST=16x8x8 CUTLASS: M=4096 N=8192 K=256  Time=0.79063 ms  Perf=21.7293 TFLOPs
Kernel: TB=128x128x32 WP=64x64x32 INST=8x8x4 CUTLASS: M=4096 N=8192 K=256  Time=6.23473 ms  Perf=2.75551 TFLOPs
Kernel: TB=128x128x32 WP=64x64x32 INST=16x8x8 CUTLASS: M=4096 N=8192 K=256  Time=0.681062 ms  Perf=25.2251 TFLOPs
Kernel: TB=128x256x32 WP=64x64x32 INST=8x8x4 CUTLASS: M=8192 N=1024 K=32  Time=0.245965 ms  Perf=2.18271 TFLOPs
Kernel: TB=128x256x32 WP=64x64x32 INST=16x8x8 CUTLASS: M=8192 N=1024 K=32  Time=0.0791552 ms  Perf=6.78251 TFLOPs
Kernel: TB=256x128x32 WP=64x64x32 INST=8x8x4 CUTLASS: M=8192 N=1024 K=32  Time=0.244838 ms  Perf=2.19276 TFLOPs
Kernel: TB=256x128x32 WP=64x64x32 INST=16x8x8 CUTLASS: M=8192 N=1024 K=32  Time=0.0799136 ms  Perf=6.71814 TFLOPs
Kernel: TB=128x128x32 WP=64x64x32 INST=8x8x4 CUTLASS: M=8192 N=1024 K=32  Time=0.232038 ms  Perf=2.31372 TFLOPs
Kernel: TB=128x128x32 WP=64x64x32 INST=16x8x8 CUTLASS: M=8192 N=1024 K=32  Time=0.0783488 ms  Perf=6.85232 TFLOPs
Kernel: TB=128x256x32 WP=64x64x32 INST=8x8x4 CUTLASS: M=8192 N=1024 K=64  Time=0.459776 ms  Perf=2.33536 TFLOPs
Kernel: TB=128x256x32 WP=64x64x32 INST=16x8x8 CUTLASS: M=8192 N=1024 K=64  Time=0.0845824 ms  Perf=12.6946 TFLOPs
Kernel: TB=256x128x32 WP=64x64x32 INST=8x8x4 CUTLASS: M=8192 N=1024 K=64  Time=0.462438 ms  Perf=2.32191 TFLOPs
Kernel: TB=256x128x32 WP=64x64x32 INST=16x8x8 CUTLASS: M=8192 N=1024 K=64  Time=0.0813056 ms  Perf=13.2062 TFLOPs
Kernel: TB=128x128x32 WP=64x64x32 INST=8x8x4 CUTLASS: M=8192 N=1024 K=64  Time=0.44247 ms  Perf=2.4267 TFLOPs
Kernel: TB=128x128x32 WP=64x64x32 INST=16x8x8 CUTLASS: M=8192 N=1024 K=64  Time=0.0786432 ms  Perf=13.6533 TFLOPs
Kernel: TB=128x256x32 WP=64x64x32 INST=8x8x4 CUTLASS: M=8192 N=1024 K=128  Time=0.895181 ms  Perf=2.39894 TFLOPs
Kernel: TB=128x256x32 WP=64x64x32 INST=16x8x8 CUTLASS: M=8192 N=1024 K=128  Time=0.126976 ms  Perf=16.9125 TFLOPs
Kernel: TB=256x128x32 WP=64x64x32 INST=8x8x4 CUTLASS: M=8192 N=1024 K=128  Time=0.902144 ms  Perf=2.38042 TFLOPs
Kernel: TB=256x128x32 WP=64x64x32 INST=16x8x8 CUTLASS: M=8192 N=1024 K=128  Time=0.126976 ms  Perf=16.9125 TFLOPs
Kernel: TB=128x128x32 WP=64x64x32 INST=8x8x4 CUTLASS: M=8192 N=1024 K=128  Time=0.860774 ms  Perf=2.49483 TFLOPs
Kernel: TB=128x128x32 WP=64x64x32 INST=16x8x8 CUTLASS: M=8192 N=1024 K=128  Time=0.0964608 ms  Perf=22.2628 TFLOPs
Kernel: TB=128x256x32 WP=64x64x32 INST=8x8x4 CUTLASS: M=8192 N=1024 K=256  Time=1.76968 ms  Perf=2.42698 TFLOPs
Kernel: TB=128x256x32 WP=64x64x32 INST=16x8x8 CUTLASS: M=8192 N=1024 K=256  Time=0.219136 ms  Perf=19.5996 TFLOPs
Kernel: TB=256x128x32 WP=64x64x32 INST=8x8x4 CUTLASS: M=8192 N=1024 K=256  Time=1.78883 ms  Perf=2.401 TFLOPs
Kernel: TB=256x128x32 WP=64x64x32 INST=16x8x8 CUTLASS: M=8192 N=1024 K=256  Time=0.218931 ms  Perf=19.6179 TFLOPs
Kernel: TB=128x128x32 WP=64x64x32 INST=8x8x4 CUTLASS: M=8192 N=1024 K=256  Time=1.69472 ms  Perf=2.53432 TFLOPs
Kernel: TB=128x128x32 WP=64x64x32 INST=16x8x8 CUTLASS: M=8192 N=1024 K=256  Time=0.180838 ms  Perf=23.7503 TFLOPs
Kernel: TB=128x256x32 WP=64x64x32 INST=8x8x4 CUTLASS: M=8192 N=2048 K=32  Time=0.457728 ms  Perf=2.34581 TFLOPs
Kernel: TB=128x256x32 WP=64x64x32 INST=16x8x8 CUTLASS: M=8192 N=2048 K=32  Time=0.159542 ms  Perf=6.73013 TFLOPs
Kernel: TB=256x128x32 WP=64x64x32 INST=8x8x4 CUTLASS: M=8192 N=2048 K=32  Time=0.457318 ms  Perf=2.34791 TFLOPs
Kernel: TB=256x128x32 WP=64x64x32 INST=16x8x8 CUTLASS: M=8192 N=2048 K=32  Time=0.15913 ms  Perf=6.74759 TFLOPs
Kernel: TB=128x128x32 WP=64x64x32 INST=8x8x4 CUTLASS: M=8192 N=2048 K=32  Time=0.436122 ms  Perf=2.46202 TFLOPs
Kernel: TB=128x128x32 WP=64x64x32 INST=16x8x8 CUTLASS: M=8192 N=2048 K=32  Time=0.15872 ms  Perf=6.76501 TFLOPs
Kernel: TB=128x256x32 WP=64x64x32 INST=8x8x4 CUTLASS: M=8192 N=2048 K=64  Time=0.861389 ms  Perf=2.49305 TFLOPs
Kernel: TB=128x256x32 WP=64x64x32 INST=16x8x8 CUTLASS: M=8192 N=2048 K=64  Time=0.162406 ms  Perf=13.2229 TFLOPs
Kernel: TB=256x128x32 WP=64x64x32 INST=8x8x4 CUTLASS: M=8192 N=2048 K=64  Time=0.863027 ms  Perf=2.48832 TFLOPs
Kernel: TB=256x128x32 WP=64x64x32 INST=16x8x8 CUTLASS: M=8192 N=2048 K=64  Time=0.162202 ms  Perf=13.2396 TFLOPs
Kernel: TB=128x128x32 WP=64x64x32 INST=8x8x4 CUTLASS: M=8192 N=2048 K=64  Time=0.831488 ms  Perf=2.5827 TFLOPs
Kernel: TB=128x128x32 WP=64x64x32 INST=16x8x8 CUTLASS: M=8192 N=2048 K=64  Time=0.160768 ms  Perf=13.3577 TFLOPs
Kernel: TB=128x256x32 WP=64x64x32 INST=8x8x4 CUTLASS: M=8192 N=2048 K=128  Time=1.67629 ms  Perf=2.56219 TFLOPs
Kernel: TB=128x256x32 WP=64x64x32 INST=16x8x8 CUTLASS: M=8192 N=2048 K=128  Time=0.237261 ms  Perf=18.1023 TFLOPs
Kernel: TB=256x128x32 WP=64x64x32 INST=8x8x4 CUTLASS: M=8192 N=2048 K=128  Time=1.69226 ms  Perf=2.538 TFLOPs
Kernel: TB=256x128x32 WP=64x64x32 INST=16x8x8 CUTLASS: M=8192 N=2048 K=128  Time=0.236237 ms  Perf=18.1808 TFLOPs
Kernel: TB=128x128x32 WP=64x64x32 INST=8x8x4 CUTLASS: M=8192 N=2048 K=128  Time=1.62222 ms  Perf=2.64758 TFLOPs
Kernel: TB=128x128x32 WP=64x64x32 INST=16x8x8 CUTLASS: M=8192 N=2048 K=128  Time=0.182477 ms  Perf=23.5371 TFLOPs
Kernel: TB=128x256x32 WP=64x64x32 INST=8x8x4 CUTLASS: M=8192 N=2048 K=256  Time=3.32124 ms  Perf=2.58636 TFLOPs
Kernel: TB=128x256x32 WP=64x64x32 INST=16x8x8 CUTLASS: M=8192 N=2048 K=256  Time=0.408781 ms  Perf=21.0135 TFLOPs
Kernel: TB=256x128x32 WP=64x64x32 INST=8x8x4 CUTLASS: M=8192 N=2048 K=256  Time=3.35073 ms  Perf=2.5636 TFLOPs
Kernel: TB=256x128x32 WP=64x64x32 INST=16x8x8 CUTLASS: M=8192 N=2048 K=256  Time=0.410317 ms  Perf=20.9349 TFLOPs
Kernel: TB=128x128x32 WP=64x64x32 INST=8x8x4 CUTLASS: M=8192 N=2048 K=256  Time=3.20174 ms  Perf=2.6829 TFLOPs
Kernel: TB=128x128x32 WP=64x64x32 INST=16x8x8 CUTLASS: M=8192 N=2048 K=256  Time=0.346726 ms  Perf=24.7744 TFLOPs
Kernel: TB=128x256x32 WP=64x64x32 INST=8x8x4 CUTLASS: M=8192 N=4096 K=32  Time=0.886374 ms  Perf=2.42277 TFLOPs
Kernel: TB=128x256x32 WP=64x64x32 INST=16x8x8 CUTLASS: M=8192 N=4096 K=32  Time=0.318669 ms  Perf=6.73892 TFLOPs
Kernel: TB=256x128x32 WP=64x64x32 INST=8x8x4 CUTLASS: M=8192 N=4096 K=32  Time=0.884736 ms  Perf=2.42726 TFLOPs
Kernel: TB=256x128x32 WP=64x64x32 INST=16x8x8 CUTLASS: M=8192 N=4096 K=32  Time=0.31744 ms  Perf=6.76501 TFLOPs
Kernel: TB=128x128x32 WP=64x64x32 INST=8x8x4 CUTLASS: M=8192 N=4096 K=32  Time=0.843571 ms  Perf=2.54571 TFLOPs
Kernel: TB=128x128x32 WP=64x64x32 INST=16x8x8 CUTLASS: M=8192 N=4096 K=32  Time=0.317645 ms  Perf=6.76064 TFLOPs
Kernel: TB=128x256x32 WP=64x64x32 INST=8x8x4 CUTLASS: M=8192 N=4096 K=64  Time=1.66256 ms  Perf=2.58334 TFLOPs
Kernel: TB=128x256x32 WP=64x64x32 INST=16x8x8 CUTLASS: M=8192 N=4096 K=64  Time=0.329318 ms  Perf=13.042 TFLOPs
Kernel: TB=256x128x32 WP=64x64x32 INST=8x8x4 CUTLASS: M=8192 N=4096 K=64  Time=1.66892 ms  Perf=2.57351 TFLOPs
Kernel: TB=256x128x32 WP=64x64x32 INST=16x8x8 CUTLASS: M=8192 N=4096 K=64  Time=0.321741 ms  Perf=13.3492 TFLOPs
Kernel: TB=128x128x32 WP=64x64x32 INST=8x8x4 CUTLASS: M=8192 N=4096 K=64  Time=1.61587 ms  Perf=2.65799 TFLOPs
Kernel: TB=128x128x32 WP=64x64x32 INST=16x8x8 CUTLASS: M=8192 N=4096 K=64  Time=0.32215 ms  Perf=13.3322 TFLOPs
Kernel: TB=128x256x32 WP=64x64x32 INST=8x8x4 CUTLASS: M=8192 N=4096 K=128  Time=3.24567 ms  Perf=2.64658 TFLOPs
Kernel: TB=128x256x32 WP=64x64x32 INST=16x8x8 CUTLASS: M=8192 N=4096 K=128  Time=0.450458 ms  Perf=19.0694 TFLOPs
Kernel: TB=256x128x32 WP=64x64x32 INST=8x8x4 CUTLASS: M=8192 N=4096 K=128  Time=3.27229 ms  Perf=2.62505 TFLOPs
Kernel: TB=256x128x32 WP=64x64x32 INST=16x8x8 CUTLASS: M=8192 N=4096 K=128  Time=0.453018 ms  Perf=18.9616 TFLOPs
Kernel: TB=128x128x32 WP=64x64x32 INST=8x8x4 CUTLASS: M=8192 N=4096 K=128  Time=3.15075 ms  Perf=2.72632 TFLOPs
Kernel: TB=128x128x32 WP=64x64x32 INST=16x8x8 CUTLASS: M=8192 N=4096 K=128  Time=0.353587 ms  Perf=24.2937 TFLOPs
Kernel: TB=128x256x32 WP=64x64x32 INST=8x8x4 CUTLASS: M=8192 N=4096 K=256  Time=6.42335 ms  Perf=2.6746 TFLOPs
Kernel: TB=128x256x32 WP=64x64x32 INST=16x8x8 CUTLASS: M=8192 N=4096 K=256  Time=0.783872 ms  Perf=21.9167 TFLOPs
Kernel: TB=256x128x32 WP=64x64x32 INST=8x8x4 CUTLASS: M=8192 N=4096 K=256  Time=6.5066 ms  Perf=2.64038 TFLOPs
Kernel: TB=256x128x32 WP=64x64x32 INST=16x8x8 CUTLASS: M=8192 N=4096 K=256  Time=0.79063 ms  Perf=21.7293 TFLOPs
Kernel: TB=128x128x32 WP=64x64x32 INST=8x8x4 CUTLASS: M=8192 N=4096 K=256  Time=6.23718 ms  Perf=2.75443 TFLOPs
Kernel: TB=128x128x32 WP=64x64x32 INST=16x8x8 CUTLASS: M=8192 N=4096 K=256  Time=0.681267 ms  Perf=25.2175 TFLOPs
Kernel: TB=128x256x32 WP=64x64x32 INST=8x8x4 CUTLASS: M=8192 N=8192 K=32  Time=1.74449 ms  Perf=2.46202 TFLOPs
Kernel: TB=128x256x32 WP=64x64x32 INST=16x8x8 CUTLASS: M=8192 N=8192 K=32  Time=0.633856 ms  Perf=6.77594 TFLOPs
Kernel: TB=256x128x32 WP=64x64x32 INST=8x8x4 CUTLASS: M=8192 N=8192 K=32  Time=1.7494 ms  Perf=2.45511 TFLOPs
Kernel: TB=256x128x32 WP=64x64x32 INST=16x8x8 CUTLASS: M=8192 N=8192 K=32  Time=0.635597 ms  Perf=6.75738 TFLOPs
Kernel: TB=128x128x32 WP=64x64x32 INST=8x8x4 CUTLASS: M=8192 N=8192 K=32  Time=1.66482 ms  Perf=2.57984 TFLOPs
Kernel: TB=128x128x32 WP=64x64x32 INST=16x8x8 CUTLASS: M=8192 N=8192 K=32  Time=0.636314 ms  Perf=6.74977 TFLOPs
Kernel: TB=128x256x32 WP=64x64x32 INST=8x8x4 CUTLASS: M=8192 N=8192 K=64  Time=3.27782 ms  Perf=2.62062 TFLOPs
Kernel: TB=128x256x32 WP=64x64x32 INST=16x8x8 CUTLASS: M=8192 N=8192 K=64  Time=0.641229 ms  Perf=13.3961 TFLOPs
Kernel: TB=256x128x32 WP=64x64x32 INST=8x8x4 CUTLASS: M=8192 N=8192 K=64  Time=3.29482 ms  Perf=2.6071 TFLOPs
Kernel: TB=256x128x32 WP=64x64x32 INST=16x8x8 CUTLASS: M=8192 N=8192 K=64  Time=0.642253 ms  Perf=13.3747 TFLOPs
Kernel: TB=128x128x32 WP=64x64x32 INST=8x8x4 CUTLASS: M=8192 N=8192 K=64  Time=3.20276 ms  Perf=2.68204 TFLOPs
Kernel: TB=128x128x32 WP=64x64x32 INST=16x8x8 CUTLASS: M=8192 N=8192 K=64  Time=0.644301 ms  Perf=13.3322 TFLOPs
Kernel: TB=128x256x32 WP=64x64x32 INST=8x8x4 CUTLASS: M=8192 N=8192 K=128  Time=6.41147 ms  Perf=2.67955 TFLOPs
Kernel: TB=128x256x32 WP=64x64x32 INST=16x8x8 CUTLASS: M=8192 N=8192 K=128  Time=0.881664 ms  Perf=19.4857 TFLOPs
Kernel: TB=256x128x32 WP=64x64x32 INST=8x8x4 CUTLASS: M=8192 N=8192 K=128  Time=6.46666 ms  Perf=2.65668 TFLOPs
Kernel: TB=256x128x32 WP=64x64x32 INST=16x8x8 CUTLASS: M=8192 N=8192 K=128  Time=0.884736 ms  Perf=19.4181 TFLOPs
Kernel: TB=128x128x32 WP=64x64x32 INST=8x8x4 CUTLASS: M=8192 N=8192 K=128  Time=6.25357 ms  Perf=2.74721 TFLOPs
Kernel: TB=128x128x32 WP=64x64x32 INST=16x8x8 CUTLASS: M=8192 N=8192 K=128  Time=0.704205 ms  Perf=24.3961 TFLOPs
Kernel: TB=128x256x32 WP=64x64x32 INST=8x8x4 CUTLASS: M=8192 N=8192 K=256  Time=12.6925 ms  Perf=2.70709 TFLOPs
Kernel: TB=128x256x32 WP=64x64x32 INST=16x8x8 CUTLASS: M=8192 N=8192 K=256  Time=1.53754 ms  Perf=22.3473 TFLOPs
Kernel: TB=256x128x32 WP=64x64x32 INST=8x8x4 CUTLASS: M=8192 N=8192 K=256  Time=12.822 ms  Perf=2.67975 TFLOPs
Kernel: TB=256x128x32 WP=64x64x32 INST=16x8x8 CUTLASS: M=8192 N=8192 K=256  Time=1.5402 ms  Perf=22.3086 TFLOPs
Kernel: TB=128x128x32 WP=64x64x32 INST=8x8x4 CUTLASS: M=8192 N=8192 K=256  Time=12.3659 ms  Perf=2.77858 TFLOPs
Kernel: TB=128x128x32 WP=64x64x32 INST=16x8x8 CUTLASS: M=8192 N=8192 K=256  Time=1.35629 ms  Perf=25.3335 TFLOPs
