-- Configuring done (0.0s)
-- Generating done (0.1s)
-- Build files have been written to: /home/shgoel/dphpc/cutlass/benchmark_gemm/build
[ 25%] Built target main
[ 50%] Built target cutlass_gemm_tunable
[ 75%] Built target cutlass_gemm
[100%] Built target wmma_gemm
Kernel: TB=128x256x32 WP=64x64x32 INST=8x8x4 CUTLASS: M=1024 N=1024 K=32  Time=0.0350496 ms  Perf=1.91468 TFLOPs
Kernel: TB=128x256x32 WP=64x64x32 INST=16x8x8 CUTLASS: M=1024 N=1024 K=32  Time=0.0102144 ms  Perf=6.57002 TFLOPs
Kernel: TB=256x128x32 WP=64x64x32 INST=8x8x4 CUTLASS: M=1024 N=1024 K=32  Time=0.0349568 ms  Perf=1.91977 TFLOPs
Kernel: TB=256x128x32 WP=64x64x32 INST=16x8x8 CUTLASS: M=1024 N=1024 K=32  Time=0.0108544 ms  Perf=6.18264 TFLOPs
Kernel: TB=128x128x32 WP=64x64x32 INST=8x8x4 CUTLASS: M=1024 N=1024 K=32  Time=0.0328864 ms  Perf=2.04063 TFLOPs
Kernel: TB=128x128x32 WP=64x64x32 INST=16x8x8 CUTLASS: M=1024 N=1024 K=32  Time=0.0087072 ms  Perf=7.70728 TFLOPs
Kernel: TB=128x256x32 WP=64x64x32 INST=8x8x4 CUTLASS: M=1024 N=1024 K=64  Time=0.0617184 ms  Perf=2.17468 TFLOPs
Kernel: TB=128x256x32 WP=64x64x32 INST=16x8x8 CUTLASS: M=1024 N=1024 K=64  Time=0.0124896 ms  Perf=10.7464 TFLOPs
Kernel: TB=256x128x32 WP=64x64x32 INST=8x8x4 CUTLASS: M=1024 N=1024 K=64  Time=0.0635584 ms  Perf=2.11172 TFLOPs
Kernel: TB=256x128x32 WP=64x64x32 INST=16x8x8 CUTLASS: M=1024 N=1024 K=64  Time=0.0124896 ms  Perf=10.7464 TFLOPs
Kernel: TB=128x128x32 WP=64x64x32 INST=8x8x4 CUTLASS: M=1024 N=1024 K=64  Time=0.0596288 ms  Perf=2.25089 TFLOPs
Kernel: TB=128x128x32 WP=64x64x32 INST=16x8x8 CUTLASS: M=1024 N=1024 K=64  Time=0.0104416 ms  Perf=12.8541 TFLOPs
Kernel: TB=128x256x32 WP=64x64x32 INST=8x8x4 CUTLASS: M=1024 N=1024 K=128  Time=0.118781 ms  Perf=2.25992 TFLOPs
Kernel: TB=128x256x32 WP=64x64x32 INST=16x8x8 CUTLASS: M=1024 N=1024 K=128  Time=0.0186336 ms  Perf=14.406 TFLOPs
Kernel: TB=256x128x32 WP=64x64x32 INST=8x8x4 CUTLASS: M=1024 N=1024 K=128  Time=0.120013 ms  Perf=2.23672 TFLOPs
Kernel: TB=256x128x32 WP=64x64x32 INST=16x8x8 CUTLASS: M=1024 N=1024 K=128  Time=0.01864 ms  Perf=14.401 TFLOPs
Kernel: TB=128x128x32 WP=64x64x32 INST=8x8x4 CUTLASS: M=1024 N=1024 K=128  Time=0.114685 ms  Perf=2.34064 TFLOPs
Kernel: TB=128x128x32 WP=64x64x32 INST=16x8x8 CUTLASS: M=1024 N=1024 K=128  Time=0.0165888 ms  Perf=16.1817 TFLOPs
Kernel: TB=128x256x32 WP=64x64x32 INST=8x8x4 CUTLASS: M=1024 N=1024 K=256  Time=0.231936 ms  Perf=2.31474 TFLOPs
Kernel: TB=128x256x32 WP=64x64x32 INST=16x8x8 CUTLASS: M=1024 N=1024 K=256  Time=0.0307264 ms  Perf=17.4726 TFLOPs
Kernel: TB=256x128x32 WP=64x64x32 INST=8x8x4 CUTLASS: M=1024 N=1024 K=256  Time=0.233779 ms  Perf=2.29649 TFLOPs
Kernel: TB=256x128x32 WP=64x64x32 INST=16x8x8 CUTLASS: M=1024 N=1024 K=256  Time=0.0307232 ms  Perf=17.4744 TFLOPs
Kernel: TB=128x128x32 WP=64x64x32 INST=8x8x4 CUTLASS: M=1024 N=1024 K=256  Time=0.223536 ms  Perf=2.40172 TFLOPs
Kernel: TB=128x128x32 WP=64x64x32 INST=16x8x8 CUTLASS: M=1024 N=1024 K=256  Time=0.0288224 ms  Perf=18.6269 TFLOPs
Kernel: TB=128x256x32 WP=64x64x32 INST=8x8x4 CUTLASS: M=1024 N=2048 K=32  Time=0.0656064 ms  Perf=2.0458 TFLOPs
Kernel: TB=128x256x32 WP=64x64x32 INST=16x8x8 CUTLASS: M=1024 N=2048 K=32  Time=0.0165888 ms  Perf=8.09086 TFLOPs
Kernel: TB=256x128x32 WP=64x64x32 INST=8x8x4 CUTLASS: M=1024 N=2048 K=32  Time=0.066048 ms  Perf=2.03212 TFLOPs
Kernel: TB=256x128x32 WP=64x64x32 INST=16x8x8 CUTLASS: M=1024 N=2048 K=32  Time=0.0165856 ms  Perf=8.09243 TFLOPs
Kernel: TB=128x128x32 WP=64x64x32 INST=8x8x4 CUTLASS: M=1024 N=2048 K=32  Time=0.063552 ms  Perf=2.11194 TFLOPs
Kernel: TB=128x128x32 WP=64x64x32 INST=16x8x8 CUTLASS: M=1024 N=2048 K=32  Time=0.0124928 ms  Perf=10.7436 TFLOPs
Kernel: TB=128x256x32 WP=64x64x32 INST=8x8x4 CUTLASS: M=1024 N=2048 K=64  Time=0.121443 ms  Perf=2.21038 TFLOPs
Kernel: TB=128x256x32 WP=64x64x32 INST=16x8x8 CUTLASS: M=1024 N=2048 K=64  Time=0.022832 ms  Perf=11.757 TFLOPs
Kernel: TB=256x128x32 WP=64x64x32 INST=8x8x4 CUTLASS: M=1024 N=2048 K=64  Time=0.122474 ms  Perf=2.19178 TFLOPs
Kernel: TB=256x128x32 WP=64x64x32 INST=16x8x8 CUTLASS: M=1024 N=2048 K=64  Time=0.0227328 ms  Perf=11.8083 TFLOPs
Kernel: TB=128x128x32 WP=64x64x32 INST=8x8x4 CUTLASS: M=1024 N=2048 K=64  Time=0.118784 ms  Perf=2.25986 TFLOPs
Kernel: TB=128x128x32 WP=64x64x32 INST=16x8x8 CUTLASS: M=1024 N=2048 K=64  Time=0.0165888 ms  Perf=16.1817 TFLOPs
Kernel: TB=128x256x32 WP=64x64x32 INST=8x8x4 CUTLASS: M=1024 N=2048 K=128  Time=0.233571 ms  Perf=2.29853 TFLOPs
Kernel: TB=128x256x32 WP=64x64x32 INST=16x8x8 CUTLASS: M=1024 N=2048 K=128  Time=0.0349952 ms  Perf=15.3413 TFLOPs
Kernel: TB=256x128x32 WP=64x64x32 INST=8x8x4 CUTLASS: M=1024 N=2048 K=128  Time=0.235523 ms  Perf=2.27948 TFLOPs
Kernel: TB=256x128x32 WP=64x64x32 INST=16x8x8 CUTLASS: M=1024 N=2048 K=128  Time=0.0349952 ms  Perf=15.3413 TFLOPs
Kernel: TB=128x128x32 WP=64x64x32 INST=8x8x4 CUTLASS: M=1024 N=2048 K=128  Time=0.227229 ms  Perf=2.36269 TFLOPs
Kernel: TB=128x128x32 WP=64x64x32 INST=16x8x8 CUTLASS: M=1024 N=2048 K=128  Time=0.0288032 ms  Perf=18.6393 TFLOPs
Kernel: TB=128x256x32 WP=64x64x32 INST=8x8x4 CUTLASS: M=1024 N=2048 K=256  Time=0.45783 ms  Perf=2.34528 TFLOPs
Kernel: TB=128x256x32 WP=64x64x32 INST=16x8x8 CUTLASS: M=1024 N=2048 K=256  Time=0.0573888 ms  Perf=18.71 TFLOPs
Kernel: TB=256x128x32 WP=64x64x32 INST=8x8x4 CUTLASS: M=1024 N=2048 K=256  Time=0.463258 ms  Perf=2.31781 TFLOPs
Kernel: TB=256x128x32 WP=64x64x32 INST=16x8x8 CUTLASS: M=1024 N=2048 K=256  Time=0.0573856 ms  Perf=18.711 TFLOPs
Kernel: TB=128x128x32 WP=64x64x32 INST=8x8x4 CUTLASS: M=1024 N=2048 K=256  Time=0.444621 ms  Perf=2.41496 TFLOPs
Kernel: TB=128x128x32 WP=64x64x32 INST=16x8x8 CUTLASS: M=1024 N=2048 K=256  Time=0.0533248 ms  Perf=20.1359 TFLOPs
Kernel: TB=128x256x32 WP=64x64x32 INST=8x8x4 CUTLASS: M=1024 N=4096 K=32  Time=0.128614 ms  Perf=2.08713 TFLOPs
Kernel: TB=128x256x32 WP=64x64x32 INST=16x8x8 CUTLASS: M=1024 N=4096 K=32  Time=0.0311264 ms  Perf=8.62404 TFLOPs
Kernel: TB=256x128x32 WP=64x64x32 INST=8x8x4 CUTLASS: M=1024 N=4096 K=32  Time=0.129024 ms  Perf=2.08051 TFLOPs
Kernel: TB=256x128x32 WP=64x64x32 INST=16x8x8 CUTLASS: M=1024 N=4096 K=32  Time=0.0309024 ms  Perf=8.68656 TFLOPs
Kernel: TB=128x128x32 WP=64x64x32 INST=8x8x4 CUTLASS: M=1024 N=4096 K=32  Time=0.123085 ms  Perf=2.1809 TFLOPs
Kernel: TB=128x128x32 WP=64x64x32 INST=16x8x8 CUTLASS: M=1024 N=4096 K=32  Time=0.020784 ms  Perf=12.9155 TFLOPs
Kernel: TB=128x256x32 WP=64x64x32 INST=8x8x4 CUTLASS: M=1024 N=4096 K=64  Time=0.238694 ms  Perf=2.2492 TFLOPs
Kernel: TB=128x256x32 WP=64x64x32 INST=16x8x8 CUTLASS: M=1024 N=4096 K=64  Time=0.0430528 ms  Perf=12.4701 TFLOPs
Kernel: TB=256x128x32 WP=64x64x32 INST=8x8x4 CUTLASS: M=1024 N=4096 K=64  Time=0.239718 ms  Perf=2.23959 TFLOPs
Kernel: TB=256x128x32 WP=64x64x32 INST=16x8x8 CUTLASS: M=1024 N=4096 K=64  Time=0.0430528 ms  Perf=12.4701 TFLOPs
Kernel: TB=128x128x32 WP=64x64x32 INST=8x8x4 CUTLASS: M=1024 N=4096 K=64  Time=0.233472 ms  Perf=2.29951 TFLOPs
Kernel: TB=128x128x32 WP=64x64x32 INST=16x8x8 CUTLASS: M=1024 N=4096 K=64  Time=0.0291968 ms  Perf=18.388 TFLOPs
Kernel: TB=128x256x32 WP=64x64x32 INST=8x8x4 CUTLASS: M=1024 N=4096 K=128  Time=0.462336 ms  Perf=2.32243 TFLOPs
Kernel: TB=128x256x32 WP=64x64x32 INST=16x8x8 CUTLASS: M=1024 N=4096 K=128  Time=0.0656096 ms  Perf=16.3656 TFLOPs
Kernel: TB=256x128x32 WP=64x64x32 INST=8x8x4 CUTLASS: M=1024 N=4096 K=128  Time=0.465715 ms  Perf=2.30558 TFLOPs
Kernel: TB=256x128x32 WP=64x64x32 INST=16x8x8 CUTLASS: M=1024 N=4096 K=128  Time=0.0656096 ms  Perf=16.3656 TFLOPs
Kernel: TB=128x128x32 WP=64x64x32 INST=8x8x4 CUTLASS: M=1024 N=4096 K=128  Time=0.44841 ms  Perf=2.39456 TFLOPs
Kernel: TB=128x128x32 WP=64x64x32 INST=16x8x8 CUTLASS: M=1024 N=4096 K=128  Time=0.054176 ms  Perf=19.8195 TFLOPs
Kernel: TB=128x256x32 WP=64x64x32 INST=8x8x4 CUTLASS: M=1024 N=4096 K=256  Time=0.904602 ms  Perf=2.37396 TFLOPs
Kernel: TB=128x256x32 WP=64x64x32 INST=16x8x8 CUTLASS: M=1024 N=4096 K=256  Time=0.112845 ms  Perf=19.0304 TFLOPs
Kernel: TB=256x128x32 WP=64x64x32 INST=8x8x4 CUTLASS: M=1024 N=4096 K=256  Time=0.919347 ms  Perf=2.33588 TFLOPs
Kernel: TB=256x128x32 WP=64x64x32 INST=16x8x8 CUTLASS: M=1024 N=4096 K=256  Time=0.112845 ms  Perf=19.0304 TFLOPs
Kernel: TB=128x128x32 WP=64x64x32 INST=8x8x4 CUTLASS: M=1024 N=4096 K=256  Time=0.881254 ms  Perf=2.43685 TFLOPs
Kernel: TB=128x128x32 WP=64x64x32 INST=16x8x8 CUTLASS: M=1024 N=4096 K=256  Time=0.100355 ms  Perf=21.3988 TFLOPs
Kernel: TB=128x256x32 WP=64x64x32 INST=8x8x4 CUTLASS: M=1024 N=8192 K=32  Time=0.250163 ms  Perf=2.14608 TFLOPs
Kernel: TB=128x256x32 WP=64x64x32 INST=16x8x8 CUTLASS: M=1024 N=8192 K=32  Time=0.0840704 ms  Perf=6.38597 TFLOPs
Kernel: TB=256x128x32 WP=64x64x32 INST=8x8x4 CUTLASS: M=1024 N=8192 K=32  Time=0.250061 ms  Perf=2.14696 TFLOPs
Kernel: TB=256x128x32 WP=64x64x32 INST=16x8x8 CUTLASS: M=1024 N=8192 K=32  Time=0.086736 ms  Perf=6.18971 TFLOPs
Kernel: TB=128x128x32 WP=64x64x32 INST=8x8x4 CUTLASS: M=1024 N=8192 K=32  Time=0.239312 ms  Perf=2.24339 TFLOPs
Kernel: TB=128x128x32 WP=64x64x32 INST=16x8x8 CUTLASS: M=1024 N=8192 K=32  Time=0.0838656 ms  Perf=6.40156 TFLOPs
Kernel: TB=128x256x32 WP=64x64x32 INST=8x8x4 CUTLASS: M=1024 N=8192 K=64  Time=0.471651 ms  Perf=2.27656 TFLOPs
Kernel: TB=128x256x32 WP=64x64x32 INST=16x8x8 CUTLASS: M=1024 N=8192 K=64  Time=0.0876512 ms  Perf=12.2502 TFLOPs
Kernel: TB=256x128x32 WP=64x64x32 INST=8x8x4 CUTLASS: M=1024 N=8192 K=64  Time=0.473699 ms  Perf=2.26672 TFLOPs
Kernel: TB=256x128x32 WP=64x64x32 INST=16x8x8 CUTLASS: M=1024 N=8192 K=64  Time=0.092672 ms  Perf=11.5865 TFLOPs
Kernel: TB=128x128x32 WP=64x64x32 INST=8x8x4 CUTLASS: M=1024 N=8192 K=64  Time=0.455581 ms  Perf=2.35686 TFLOPs
Kernel: TB=128x128x32 WP=64x64x32 INST=16x8x8 CUTLASS: M=1024 N=8192 K=64  Time=0.0882688 ms  Perf=12.1645 TFLOPs
Kernel: TB=128x256x32 WP=64x64x32 INST=8x8x4 CUTLASS: M=1024 N=8192 K=128  Time=0.91648 ms  Perf=2.34319 TFLOPs
Kernel: TB=128x256x32 WP=64x64x32 INST=16x8x8 CUTLASS: M=1024 N=8192 K=128  Time=0.129229 ms  Perf=16.6177 TFLOPs
Kernel: TB=256x128x32 WP=64x64x32 INST=8x8x4 CUTLASS: M=1024 N=8192 K=128  Time=0.92119 ms  Perf=2.33121 TFLOPs
Kernel: TB=256x128x32 WP=64x64x32 INST=16x8x8 CUTLASS: M=1024 N=8192 K=128  Time=0.134758 ms  Perf=15.9358 TFLOPs
Kernel: TB=128x128x32 WP=64x64x32 INST=8x8x4 CUTLASS: M=1024 N=8192 K=128  Time=0.880432 ms  Perf=2.43912 TFLOPs
Kernel: TB=128x128x32 WP=64x64x32 INST=16x8x8 CUTLASS: M=1024 N=8192 K=128  Time=0.0997376 ms  Perf=21.5313 TFLOPs
Kernel: TB=128x256x32 WP=64x64x32 INST=8x8x4 CUTLASS: M=1024 N=8192 K=256  Time=1.80398 ms  Perf=2.38083 TFLOPs
Kernel: TB=128x256x32 WP=64x64x32 INST=16x8x8 CUTLASS: M=1024 N=8192 K=256  Time=0.223744 ms  Perf=19.1959 TFLOPs
Kernel: TB=256x128x32 WP=64x64x32 INST=8x8x4 CUTLASS: M=1024 N=8192 K=256  Time=1.82589 ms  Perf=2.35225 TFLOPs
Kernel: TB=256x128x32 WP=64x64x32 INST=16x8x8 CUTLASS: M=1024 N=8192 K=256  Time=0.227328 ms  Perf=18.8933 TFLOPs
Kernel: TB=128x128x32 WP=64x64x32 INST=8x8x4 CUTLASS: M=1024 N=8192 K=256  Time=1.74305 ms  Perf=2.46405 TFLOPs
Kernel: TB=128x128x32 WP=64x64x32 INST=16x8x8 CUTLASS: M=1024 N=8192 K=256  Time=0.186269 ms  Perf=23.0579 TFLOPs
Kernel: TB=128x256x32 WP=64x64x32 INST=8x8x4 CUTLASS: M=2048 N=1024 K=32  Time=0.0656128 ms  Perf=2.0456 TFLOPs
Kernel: TB=128x256x32 WP=64x64x32 INST=16x8x8 CUTLASS: M=2048 N=1024 K=32  Time=0.0165856 ms  Perf=8.09243 TFLOPs
Kernel: TB=256x128x32 WP=64x64x32 INST=8x8x4 CUTLASS: M=2048 N=1024 K=32  Time=0.0660512 ms  Perf=2.03203 TFLOPs
Kernel: TB=256x128x32 WP=64x64x32 INST=16x8x8 CUTLASS: M=2048 N=1024 K=32  Time=0.0165856 ms  Perf=8.09243 TFLOPs
Kernel: TB=128x128x32 WP=64x64x32 INST=8x8x4 CUTLASS: M=2048 N=1024 K=32  Time=0.0635232 ms  Perf=2.11289 TFLOPs
Kernel: TB=128x128x32 WP=64x64x32 INST=16x8x8 CUTLASS: M=2048 N=1024 K=32  Time=0.0124928 ms  Perf=10.7436 TFLOPs
Kernel: TB=128x256x32 WP=64x64x32 INST=8x8x4 CUTLASS: M=2048 N=1024 K=64  Time=0.120832 ms  Perf=2.22156 TFLOPs
Kernel: TB=128x256x32 WP=64x64x32 INST=16x8x8 CUTLASS: M=2048 N=1024 K=64  Time=0.0227328 ms  Perf=11.8083 TFLOPs
Kernel: TB=256x128x32 WP=64x64x32 INST=8x8x4 CUTLASS: M=2048 N=1024 K=64  Time=0.12247 ms  Perf=2.19184 TFLOPs
Kernel: TB=256x128x32 WP=64x64x32 INST=16x8x8 CUTLASS: M=2048 N=1024 K=64  Time=0.0227296 ms  Perf=11.81 TFLOPs
Kernel: TB=128x128x32 WP=64x64x32 INST=8x8x4 CUTLASS: M=2048 N=1024 K=64  Time=0.117149 ms  Perf=2.29141 TFLOPs
Kernel: TB=128x128x32 WP=64x64x32 INST=16x8x8 CUTLASS: M=2048 N=1024 K=64  Time=0.0167936 ms  Perf=15.9844 TFLOPs
Kernel: TB=128x256x32 WP=64x64x32 INST=8x8x4 CUTLASS: M=2048 N=1024 K=128  Time=0.232758 ms  Perf=2.30656 TFLOPs
Kernel: TB=128x256x32 WP=64x64x32 INST=16x8x8 CUTLASS: M=2048 N=1024 K=128  Time=0.0347936 ms  Perf=15.4302 TFLOPs
Kernel: TB=256x128x32 WP=64x64x32 INST=8x8x4 CUTLASS: M=2048 N=1024 K=128  Time=0.234906 ms  Perf=2.28548 TFLOPs
Kernel: TB=256x128x32 WP=64x64x32 INST=16x8x8 CUTLASS: M=2048 N=1024 K=128  Time=0.0347904 ms  Perf=15.4316 TFLOPs
Kernel: TB=128x128x32 WP=64x64x32 INST=8x8x4 CUTLASS: M=2048 N=1024 K=128  Time=0.225485 ms  Perf=2.38096 TFLOPs
Kernel: TB=128x128x32 WP=64x64x32 INST=16x8x8 CUTLASS: M=2048 N=1024 K=128  Time=0.0288192 ms  Perf=18.6289 TFLOPs
Kernel: TB=128x256x32 WP=64x64x32 INST=8x8x4 CUTLASS: M=2048 N=1024 K=256  Time=0.455782 ms  Perf=2.35582 TFLOPs
Kernel: TB=128x256x32 WP=64x64x32 INST=16x8x8 CUTLASS: M=2048 N=1024 K=256  Time=0.0573856 ms  Perf=18.711 TFLOPs
Kernel: TB=256x128x32 WP=64x64x32 INST=8x8x4 CUTLASS: M=2048 N=1024 K=256  Time=0.460285 ms  Perf=2.33278 TFLOPs
Kernel: TB=256x128x32 WP=64x64x32 INST=16x8x8 CUTLASS: M=2048 N=1024 K=256  Time=0.0573888 ms  Perf=18.71 TFLOPs
Kernel: TB=128x128x32 WP=64x64x32 INST=8x8x4 CUTLASS: M=2048 N=1024 K=256  Time=0.44247 ms  Perf=2.4267 TFLOPs
Kernel: TB=128x128x32 WP=64x64x32 INST=16x8x8 CUTLASS: M=2048 N=1024 K=256  Time=0.0533248 ms  Perf=20.1359 TFLOPs
Kernel: TB=128x256x32 WP=64x64x32 INST=8x8x4 CUTLASS: M=2048 N=2048 K=32  Time=0.128819 ms  Perf=2.08382 TFLOPs
Kernel: TB=128x256x32 WP=64x64x32 INST=16x8x8 CUTLASS: M=2048 N=2048 K=32  Time=0.030896 ms  Perf=8.68836 TFLOPs
Kernel: TB=256x128x32 WP=64x64x32 INST=8x8x4 CUTLASS: M=2048 N=2048 K=32  Time=0.129021 ms  Perf=2.08056 TFLOPs
Kernel: TB=256x128x32 WP=64x64x32 INST=16x8x8 CUTLASS: M=2048 N=2048 K=32  Time=0.0308992 ms  Perf=8.68746 TFLOPs
Kernel: TB=128x128x32 WP=64x64x32 INST=8x8x4 CUTLASS: M=2048 N=2048 K=32  Time=0.12288 ms  Perf=2.18453 TFLOPs
Kernel: TB=128x128x32 WP=64x64x32 INST=16x8x8 CUTLASS: M=2048 N=2048 K=32  Time=0.0206848 ms  Perf=12.9774 TFLOPs
Kernel: TB=128x256x32 WP=64x64x32 INST=8x8x4 CUTLASS: M=2048 N=2048 K=64  Time=0.237466 ms  Perf=2.26084 TFLOPs
Kernel: TB=128x256x32 WP=64x64x32 INST=16x8x8 CUTLASS: M=2048 N=2048 K=64  Time=0.0431328 ms  Perf=12.4469 TFLOPs
Kernel: TB=256x128x32 WP=64x64x32 INST=8x8x4 CUTLASS: M=2048 N=2048 K=64  Time=0.238899 ms  Perf=2.24727 TFLOPs
Kernel: TB=256x128x32 WP=64x64x32 INST=16x8x8 CUTLASS: M=2048 N=2048 K=64  Time=0.0430528 ms  Perf=12.4701 TFLOPs
Kernel: TB=128x128x32 WP=64x64x32 INST=8x8x4 CUTLASS: M=2048 N=2048 K=64  Time=0.231731 ms  Perf=2.31678 TFLOPs
Kernel: TB=128x128x32 WP=64x64x32 INST=16x8x8 CUTLASS: M=2048 N=2048 K=64  Time=0.0292288 ms  Perf=18.3679 TFLOPs
Kernel: TB=128x256x32 WP=64x64x32 INST=8x8x4 CUTLASS: M=2048 N=2048 K=128  Time=0.459773 ms  Perf=2.33538 TFLOPs
Kernel: TB=128x256x32 WP=64x64x32 INST=16x8x8 CUTLASS: M=2048 N=2048 K=128  Time=0.0656128 ms  Perf=16.3648 TFLOPs
Kernel: TB=256x128x32 WP=64x64x32 INST=8x8x4 CUTLASS: M=2048 N=2048 K=128  Time=0.463872 ms  Perf=2.31474 TFLOPs
Kernel: TB=256x128x32 WP=64x64x32 INST=16x8x8 CUTLASS: M=2048 N=2048 K=128  Time=0.0656064 ms  Perf=16.3664 TFLOPs
Kernel: TB=128x128x32 WP=64x64x32 INST=8x8x4 CUTLASS: M=2048 N=2048 K=128  Time=0.448512 ms  Perf=2.39401 TFLOPs
Kernel: TB=128x128x32 WP=64x64x32 INST=16x8x8 CUTLASS: M=2048 N=2048 K=128  Time=0.05336 ms  Perf=20.1226 TFLOPs
Kernel: TB=128x256x32 WP=64x64x32 INST=8x8x4 CUTLASS: M=2048 N=2048 K=256  Time=0.905626 ms  Perf=2.37127 TFLOPs
Kernel: TB=128x256x32 WP=64x64x32 INST=16x8x8 CUTLASS: M=2048 N=2048 K=256  Time=0.112845 ms  Perf=19.0304 TFLOPs
Kernel: TB=256x128x32 WP=64x64x32 INST=8x8x4 CUTLASS: M=2048 N=2048 K=256  Time=0.913405 ms  Perf=2.35108 TFLOPs
Kernel: TB=256x128x32 WP=64x64x32 INST=16x8x8 CUTLASS: M=2048 N=2048 K=256  Time=0.112845 ms  Perf=19.0304 TFLOPs
Kernel: TB=128x128x32 WP=64x64x32 INST=8x8x4 CUTLASS: M=2048 N=2048 K=256  Time=0.88207 ms  Perf=2.43459 TFLOPs
Kernel: TB=128x128x32 WP=64x64x32 INST=16x8x8 CUTLASS: M=2048 N=2048 K=256  Time=0.100352 ms  Perf=21.3995 TFLOPs
Kernel: TB=128x256x32 WP=64x64x32 INST=8x8x4 CUTLASS: M=2048 N=4096 K=32  Time=0.255491 ms  Perf=2.10133 TFLOPs
Kernel: TB=128x256x32 WP=64x64x32 INST=16x8x8 CUTLASS: M=2048 N=4096 K=32  Time=0.0836608 ms  Perf=6.41723 TFLOPs
Kernel: TB=256x128x32 WP=64x64x32 INST=8x8x4 CUTLASS: M=2048 N=4096 K=32  Time=0.251286 ms  Perf=2.13649 TFLOPs
Kernel: TB=256x128x32 WP=64x64x32 INST=16x8x8 CUTLASS: M=2048 N=4096 K=32  Time=0.0846816 ms  Perf=6.33988 TFLOPs
Kernel: TB=128x128x32 WP=64x64x32 INST=8x8x4 CUTLASS: M=2048 N=4096 K=32  Time=0.23992 ms  Perf=2.23771 TFLOPs
Kernel: TB=128x128x32 WP=64x64x32 INST=16x8x8 CUTLASS: M=2048 N=4096 K=32  Time=0.0826368 ms  Perf=6.49675 TFLOPs
Kernel: TB=128x256x32 WP=64x64x32 INST=8x8x4 CUTLASS: M=2048 N=4096 K=64  Time=0.47329 ms  Perf=2.26868 TFLOPs
Kernel: TB=128x256x32 WP=64x64x32 INST=16x8x8 CUTLASS: M=2048 N=4096 K=64  Time=0.095232 ms  Perf=11.275 TFLOPs
Kernel: TB=256x128x32 WP=64x64x32 INST=8x8x4 CUTLASS: M=2048 N=4096 K=64  Time=0.472986 ms  Perf=2.27014 TFLOPs
Kernel: TB=256x128x32 WP=64x64x32 INST=16x8x8 CUTLASS: M=2048 N=4096 K=64  Time=0.0948224 ms  Perf=11.3237 TFLOPs
Kernel: TB=128x128x32 WP=64x64x32 INST=8x8x4 CUTLASS: M=2048 N=4096 K=64  Time=0.454963 ms  Perf=2.36006 TFLOPs
Kernel: TB=128x128x32 WP=64x64x32 INST=16x8x8 CUTLASS: M=2048 N=4096 K=64  Time=0.0854016 ms  Perf=12.5729 TFLOPs
Kernel: TB=128x256x32 WP=64x64x32 INST=8x8x4 CUTLASS: M=2048 N=4096 K=128  Time=0.915251 ms  Perf=2.34633 TFLOPs
Kernel: TB=128x256x32 WP=64x64x32 INST=16x8x8 CUTLASS: M=2048 N=4096 K=128  Time=0.13496 ms  Perf=15.912 TFLOPs
Kernel: TB=256x128x32 WP=64x64x32 INST=8x8x4 CUTLASS: M=2048 N=4096 K=128  Time=0.920371 ms  Perf=2.33328 TFLOPs
Kernel: TB=256x128x32 WP=64x64x32 INST=16x8x8 CUTLASS: M=2048 N=4096 K=128  Time=0.13783 ms  Perf=15.5806 TFLOPs
Kernel: TB=128x128x32 WP=64x64x32 INST=8x8x4 CUTLASS: M=2048 N=4096 K=128  Time=0.878384 ms  Perf=2.44481 TFLOPs
Kernel: TB=128x128x32 WP=64x64x32 INST=16x8x8 CUTLASS: M=2048 N=4096 K=128  Time=0.0983072 ms  Perf=21.8446 TFLOPs
Kernel: TB=128x256x32 WP=64x64x32 INST=8x8x4 CUTLASS: M=2048 N=4096 K=256  Time=1.80132 ms  Perf=2.38434 TFLOPs
Kernel: TB=128x256x32 WP=64x64x32 INST=16x8x8 CUTLASS: M=2048 N=4096 K=256  Time=0.223232 ms  Perf=19.2399 TFLOPs
Kernel: TB=256x128x32 WP=64x64x32 INST=8x8x4 CUTLASS: M=2048 N=4096 K=256  Time=1.8216 ms  Perf=2.3578 TFLOPs
Kernel: TB=256x128x32 WP=64x64x32 INST=16x8x8 CUTLASS: M=2048 N=4096 K=256  Time=0.225072 ms  Perf=19.0826 TFLOPs
Kernel: TB=128x128x32 WP=64x64x32 INST=8x8x4 CUTLASS: M=2048 N=4096 K=256  Time=1.72851 ms  Perf=2.48478 TFLOPs
Kernel: TB=128x128x32 WP=64x64x32 INST=16x8x8 CUTLASS: M=2048 N=4096 K=256  Time=0.18473 ms  Perf=23.25 TFLOPs
Kernel: TB=128x256x32 WP=64x64x32 INST=8x8x4 CUTLASS: M=2048 N=8192 K=32  Time=0.468067 ms  Perf=2.29399 TFLOPs
Kernel: TB=128x256x32 WP=64x64x32 INST=16x8x8 CUTLASS: M=2048 N=8192 K=32  Time=0.163843 ms  Perf=6.55347 TFLOPs
Kernel: TB=256x128x32 WP=64x64x32 INST=8x8x4 CUTLASS: M=2048 N=8192 K=32  Time=0.467968 ms  Perf=2.29448 TFLOPs
Kernel: TB=256x128x32 WP=64x64x32 INST=16x8x8 CUTLASS: M=2048 N=8192 K=32  Time=0.165786 ms  Perf=6.47669 TFLOPs
Kernel: TB=128x128x32 WP=64x64x32 INST=8x8x4 CUTLASS: M=2048 N=8192 K=32  Time=0.445133 ms  Perf=2.41218 TFLOPs
Kernel: TB=128x128x32 WP=64x64x32 INST=16x8x8 CUTLASS: M=2048 N=8192 K=32  Time=0.164864 ms  Perf=6.51289 TFLOPs
Kernel: TB=128x256x32 WP=64x64x32 INST=8x8x4 CUTLASS: M=2048 N=8192 K=64  Time=0.877978 ms  Perf=2.44594 TFLOPs
Kernel: TB=128x256x32 WP=64x64x32 INST=16x8x8 CUTLASS: M=2048 N=8192 K=64  Time=0.172445 ms  Perf=12.4532 TFLOPs
Kernel: TB=256x128x32 WP=64x64x32 INST=8x8x4 CUTLASS: M=2048 N=8192 K=64  Time=0.883507 ms  Perf=2.43064 TFLOPs
Kernel: TB=256x128x32 WP=64x64x32 INST=16x8x8 CUTLASS: M=2048 N=8192 K=64  Time=0.176944 ms  Perf=12.1365 TFLOPs
Kernel: TB=128x128x32 WP=64x64x32 INST=8x8x4 CUTLASS: M=2048 N=8192 K=64  Time=0.849098 ms  Perf=2.52914 TFLOPs
Kernel: TB=128x128x32 WP=64x64x32 INST=16x8x8 CUTLASS: M=2048 N=8192 K=64  Time=0.173261 ms  Perf=12.3945 TFLOPs
Kernel: TB=128x256x32 WP=64x64x32 INST=8x8x4 CUTLASS: M=2048 N=8192 K=128  Time=1.71459 ms  Perf=2.50496 TFLOPs
Kernel: TB=128x256x32 WP=64x64x32 INST=16x8x8 CUTLASS: M=2048 N=8192 K=128  Time=0.238797 ms  Perf=17.9859 TFLOPs
Kernel: TB=256x128x32 WP=64x64x32 INST=8x8x4 CUTLASS: M=2048 N=8192 K=128  Time=1.72503 ms  Perf=2.4898 TFLOPs
Kernel: TB=256x128x32 WP=64x64x32 INST=16x8x8 CUTLASS: M=2048 N=8192 K=128  Time=0.24105 ms  Perf=17.8178 TFLOPs
Kernel: TB=128x128x32 WP=64x64x32 INST=8x8x4 CUTLASS: M=2048 N=8192 K=128  Time=1.65826 ms  Perf=2.59004 TFLOPs
Kernel: TB=128x128x32 WP=64x64x32 INST=16x8x8 CUTLASS: M=2048 N=8192 K=128  Time=0.186266 ms  Perf=23.0583 TFLOPs
Kernel: TB=128x256x32 WP=64x64x32 INST=8x8x4 CUTLASS: M=2048 N=8192 K=256  Time=3.38801 ms  Perf=2.5354 TFLOPs
Kernel: TB=128x256x32 WP=64x64x32 INST=16x8x8 CUTLASS: M=2048 N=8192 K=256  Time=0.416154 ms  Perf=20.6413 TFLOPs
Kernel: TB=256x128x32 WP=64x64x32 INST=8x8x4 CUTLASS: M=2048 N=8192 K=256  Time=3.41904 ms  Perf=2.51238 TFLOPs
Kernel: TB=256x128x32 WP=64x64x32 INST=16x8x8 CUTLASS: M=2048 N=8192 K=256  Time=0.417894 ms  Perf=20.5553 TFLOPs
Kernel: TB=128x128x32 WP=64x64x32 INST=8x8x4 CUTLASS: M=2048 N=8192 K=256  Time=3.27086 ms  Perf=2.6262 TFLOPs
Kernel: TB=128x128x32 WP=64x64x32 INST=16x8x8 CUTLASS: M=2048 N=8192 K=256  Time=0.354301 ms  Perf=24.2448 TFLOPs
Kernel: TB=128x256x32 WP=64x64x32 INST=8x8x4 CUTLASS: M=4096 N=1024 K=32  Time=0.128202 ms  Perf=2.09385 TFLOPs
Kernel: TB=128x256x32 WP=64x64x32 INST=16x8x8 CUTLASS: M=4096 N=1024 K=32  Time=0.030896 ms  Perf=8.68836 TFLOPs
Kernel: TB=256x128x32 WP=64x64x32 INST=8x8x4 CUTLASS: M=4096 N=1024 K=32  Time=0.128614 ms  Perf=2.08713 TFLOPs
Kernel: TB=256x128x32 WP=64x64x32 INST=16x8x8 CUTLASS: M=4096 N=1024 K=32  Time=0.030896 ms  Perf=8.68836 TFLOPs
Kernel: TB=128x128x32 WP=64x64x32 INST=8x8x4 CUTLASS: M=4096 N=1024 K=32  Time=0.12288 ms  Perf=2.18453 TFLOPs
Kernel: TB=128x128x32 WP=64x64x32 INST=16x8x8 CUTLASS: M=4096 N=1024 K=32  Time=0.020784 ms  Perf=12.9155 TFLOPs
Kernel: TB=128x256x32 WP=64x64x32 INST=8x8x4 CUTLASS: M=4096 N=1024 K=64  Time=0.23767 ms  Perf=2.25889 TFLOPs
Kernel: TB=128x256x32 WP=64x64x32 INST=16x8x8 CUTLASS: M=4096 N=1024 K=64  Time=0.0430528 ms  Perf=12.4701 TFLOPs
Kernel: TB=256x128x32 WP=64x64x32 INST=8x8x4 CUTLASS: M=4096 N=1024 K=64  Time=0.239002 ms  Perf=2.24631 TFLOPs
Kernel: TB=256x128x32 WP=64x64x32 INST=16x8x8 CUTLASS: M=4096 N=1024 K=64  Time=0.043056 ms  Perf=12.4691 TFLOPs
Kernel: TB=128x128x32 WP=64x64x32 INST=8x8x4 CUTLASS: M=4096 N=1024 K=64  Time=0.231424 ms  Perf=2.31986 TFLOPs
Kernel: TB=128x128x32 WP=64x64x32 INST=16x8x8 CUTLASS: M=4096 N=1024 K=64  Time=0.02944 ms  Perf=18.2361 TFLOPs
Kernel: TB=128x256x32 WP=64x64x32 INST=8x8x4 CUTLASS: M=4096 N=1024 K=128  Time=0.460595 ms  Perf=2.33121 TFLOPs
Kernel: TB=128x256x32 WP=64x64x32 INST=16x8x8 CUTLASS: M=4096 N=1024 K=128  Time=0.0656096 ms  Perf=16.3656 TFLOPs
Kernel: TB=256x128x32 WP=64x64x32 INST=8x8x4 CUTLASS: M=4096 N=1024 K=128  Time=0.463872 ms  Perf=2.31474 TFLOPs
Kernel: TB=256x128x32 WP=64x64x32 INST=16x8x8 CUTLASS: M=4096 N=1024 K=128  Time=0.0656416 ms  Perf=16.3576 TFLOPs
Kernel: TB=128x128x32 WP=64x64x32 INST=8x8x4 CUTLASS: M=4096 N=1024 K=128  Time=0.44841 ms  Perf=2.39456 TFLOPs
Kernel: TB=128x128x32 WP=64x64x32 INST=16x8x8 CUTLASS: M=4096 N=1024 K=128  Time=0.0535296 ms  Perf=20.0588 TFLOPs
Kernel: TB=128x256x32 WP=64x64x32 INST=8x8x4 CUTLASS: M=4096 N=1024 K=256  Time=0.90583 ms  Perf=2.37073 TFLOPs
Kernel: TB=128x256x32 WP=64x64x32 INST=16x8x8 CUTLASS: M=4096 N=1024 K=256  Time=0.11264 ms  Perf=19.065 TFLOPs
Kernel: TB=256x128x32 WP=64x64x32 INST=8x8x4 CUTLASS: M=4096 N=1024 K=256  Time=0.915046 ms  Perf=2.34686 TFLOPs
Kernel: TB=256x128x32 WP=64x64x32 INST=16x8x8 CUTLASS: M=4096 N=1024 K=256  Time=0.112845 ms  Perf=19.0304 TFLOPs
Kernel: TB=128x128x32 WP=64x64x32 INST=8x8x4 CUTLASS: M=4096 N=1024 K=256  Time=0.881459 ms  Perf=2.43628 TFLOPs
Kernel: TB=128x128x32 WP=64x64x32 INST=16x8x8 CUTLASS: M=4096 N=1024 K=256  Time=0.100352 ms  Perf=21.3995 TFLOPs
Kernel: TB=128x256x32 WP=64x64x32 INST=8x8x4 CUTLASS: M=4096 N=2048 K=32  Time=0.251286 ms  Perf=2.13649 TFLOPs
Kernel: TB=128x256x32 WP=64x64x32 INST=16x8x8 CUTLASS: M=4096 N=2048 K=32  Time=0.079568 ms  Perf=6.74732 TFLOPs
Kernel: TB=256x128x32 WP=64x64x32 INST=8x8x4 CUTLASS: M=4096 N=2048 K=32  Time=0.248934 ms  Perf=2.15668 TFLOPs
Kernel: TB=256x128x32 WP=64x64x32 INST=16x8x8 CUTLASS: M=4096 N=2048 K=32  Time=0.0801792 ms  Perf=6.69589 TFLOPs
Kernel: TB=128x128x32 WP=64x64x32 INST=8x8x4 CUTLASS: M=4096 N=2048 K=32  Time=0.237568 ms  Perf=2.25986 TFLOPs
Kernel: TB=128x128x32 WP=64x64x32 INST=16x8x8 CUTLASS: M=4096 N=2048 K=32  Time=0.0793568 ms  Perf=6.76528 TFLOPs
Kernel: TB=128x256x32 WP=64x64x32 INST=8x8x4 CUTLASS: M=4096 N=2048 K=64  Time=0.470736 ms  Perf=2.28099 TFLOPs
Kernel: TB=128x256x32 WP=64x64x32 INST=16x8x8 CUTLASS: M=4096 N=2048 K=64  Time=0.088064 ms  Perf=12.1927 TFLOPs
Kernel: TB=256x128x32 WP=64x64x32 INST=8x8x4 CUTLASS: M=4096 N=2048 K=64  Time=0.469296 ms  Perf=2.28798 TFLOPs
Kernel: TB=256x128x32 WP=64x64x32 INST=16x8x8 CUTLASS: M=4096 N=2048 K=64  Time=0.0839648 ms  Perf=12.788 TFLOPs
Kernel: TB=128x128x32 WP=64x64x32 INST=8x8x4 CUTLASS: M=4096 N=2048 K=64  Time=0.45056 ms  Perf=2.38313 TFLOPs
Kernel: TB=128x128x32 WP=64x64x32 INST=16x8x8 CUTLASS: M=4096 N=2048 K=64  Time=0.0804864 ms  Perf=13.3407 TFLOPs
Kernel: TB=128x256x32 WP=64x64x32 INST=8x8x4 CUTLASS: M=4096 N=2048 K=128  Time=0.91177 ms  Perf=2.35529 TFLOPs
Kernel: TB=128x256x32 WP=64x64x32 INST=16x8x8 CUTLASS: M=4096 N=2048 K=128  Time=0.131069 ms  Perf=16.3844 TFLOPs
Kernel: TB=256x128x32 WP=64x64x32 INST=8x8x4 CUTLASS: M=4096 N=2048 K=128  Time=0.918118 ms  Perf=2.33901 TFLOPs
Kernel: TB=256x128x32 WP=64x64x32 INST=16x8x8 CUTLASS: M=4096 N=2048 K=128  Time=0.130662 ms  Perf=16.4354 TFLOPs
Kernel: TB=128x128x32 WP=64x64x32 INST=8x8x4 CUTLASS: M=4096 N=2048 K=128  Time=0.876544 ms  Perf=2.44994 TFLOPs
Kernel: TB=128x128x32 WP=64x64x32 INST=16x8x8 CUTLASS: M=4096 N=2048 K=128  Time=0.098304 ms  Perf=21.8453 TFLOPs
Kernel: TB=128x256x32 WP=64x64x32 INST=8x8x4 CUTLASS: M=4096 N=2048 K=256  Time=1.80644 ms  Perf=2.37758 TFLOPs
Kernel: TB=128x256x32 WP=64x64x32 INST=16x8x8 CUTLASS: M=4096 N=2048 K=256  Time=0.223232 ms  Perf=19.2399 TFLOPs
Kernel: TB=256x128x32 WP=64x64x32 INST=8x8x4 CUTLASS: M=4096 N=2048 K=256  Time=1.81771 ms  Perf=2.36285 TFLOPs
Kernel: TB=256x128x32 WP=64x64x32 INST=16x8x8 CUTLASS: M=4096 N=2048 K=256  Time=0.223126 ms  Perf=19.249 TFLOPs
Kernel: TB=128x128x32 WP=64x64x32 INST=8x8x4 CUTLASS: M=4096 N=2048 K=256  Time=1.73343 ms  Perf=2.47773 TFLOPs
Kernel: TB=128x128x32 WP=64x64x32 INST=16x8x8 CUTLASS: M=4096 N=2048 K=256  Time=0.184317 ms  Perf=23.3021 TFLOPs
Kernel: TB=128x256x32 WP=64x64x32 INST=8x8x4 CUTLASS: M=4096 N=4096 K=32  Time=0.470221 ms  Perf=2.28348 TFLOPs
Kernel: TB=128x256x32 WP=64x64x32 INST=16x8x8 CUTLASS: M=4096 N=4096 K=32  Time=0.162611 ms  Perf=6.60312 TFLOPs
Kernel: TB=256x128x32 WP=64x64x32 INST=8x8x4 CUTLASS: M=4096 N=4096 K=32  Time=0.468374 ms  Perf=2.29249 TFLOPs
Kernel: TB=256x128x32 WP=64x64x32 INST=16x8x8 CUTLASS: M=4096 N=4096 K=32  Time=0.162611 ms  Perf=6.60312 TFLOPs
Kernel: TB=128x128x32 WP=64x64x32 INST=8x8x4 CUTLASS: M=4096 N=4096 K=32  Time=0.445238 ms  Perf=2.41161 TFLOPs
Kernel: TB=128x128x32 WP=64x64x32 INST=16x8x8 CUTLASS: M=4096 N=4096 K=32  Time=0.161382 ms  Perf=6.6534 TFLOPs
Kernel: TB=128x256x32 WP=64x64x32 INST=8x8x4 CUTLASS: M=4096 N=4096 K=64  Time=0.878182 ms  Perf=2.44537 TFLOPs
Kernel: TB=128x256x32 WP=64x64x32 INST=16x8x8 CUTLASS: M=4096 N=4096 K=64  Time=0.181251 ms  Perf=11.8481 TFLOPs
Kernel: TB=256x128x32 WP=64x64x32 INST=8x8x4 CUTLASS: M=4096 N=4096 K=64  Time=0.882896 ms  Perf=2.43232 TFLOPs
Kernel: TB=256x128x32 WP=64x64x32 INST=16x8x8 CUTLASS: M=4096 N=4096 K=64  Time=0.167117 ms  Perf=12.8502 TFLOPs
Kernel: TB=128x128x32 WP=64x64x32 INST=8x8x4 CUTLASS: M=4096 N=4096 K=64  Time=0.849101 ms  Perf=2.52913 TFLOPs
Kernel: TB=128x128x32 WP=64x64x32 INST=16x8x8 CUTLASS: M=4096 N=4096 K=64  Time=0.165069 ms  Perf=13.0096 TFLOPs
Kernel: TB=128x256x32 WP=64x64x32 INST=8x8x4 CUTLASS: M=4096 N=4096 K=128  Time=1.71131 ms  Perf=2.50976 TFLOPs
Kernel: TB=128x256x32 WP=64x64x32 INST=16x8x8 CUTLASS: M=4096 N=4096 K=128  Time=0.238592 ms  Perf=18.0013 TFLOPs
Kernel: TB=256x128x32 WP=64x64x32 INST=8x8x4 CUTLASS: M=4096 N=4096 K=128  Time=1.72953 ms  Perf=2.48331 TFLOPs
Kernel: TB=256x128x32 WP=64x64x32 INST=16x8x8 CUTLASS: M=4096 N=4096 K=128  Time=0.236541 ms  Perf=18.1574 TFLOPs
Kernel: TB=128x128x32 WP=64x64x32 INST=8x8x4 CUTLASS: M=4096 N=4096 K=128  Time=1.65478 ms  Perf=2.59549 TFLOPs
Kernel: TB=128x128x32 WP=64x64x32 INST=16x8x8 CUTLASS: M=4096 N=4096 K=128  Time=0.186371 ms  Perf=23.0452 TFLOPs
Kernel: TB=128x256x32 WP=64x64x32 INST=8x8x4 CUTLASS: M=4096 N=4096 K=256  Time=3.39292 ms  Perf=2.53172 TFLOPs
Kernel: TB=128x256x32 WP=64x64x32 INST=16x8x8 CUTLASS: M=4096 N=4096 K=256  Time=0.417075 ms  Perf=20.5956 TFLOPs
Kernel: TB=256x128x32 WP=64x64x32 INST=8x8x4 CUTLASS: M=4096 N=4096 K=256  Time=3.42415 ms  Perf=2.50863 TFLOPs
Kernel: TB=256x128x32 WP=64x64x32 INST=16x8x8 CUTLASS: M=4096 N=4096 K=256  Time=0.417078 ms  Perf=20.5955 TFLOPs
Kernel: TB=128x128x32 WP=64x64x32 INST=8x8x4 CUTLASS: M=4096 N=4096 K=256  Time=3.27291 ms  Perf=2.62455 TFLOPs
Kernel: TB=128x128x32 WP=64x64x32 INST=16x8x8 CUTLASS: M=4096 N=4096 K=256  Time=0.354205 ms  Perf=24.2513 TFLOPs
Kernel: TB=128x256x32 WP=64x64x32 INST=8x8x4 CUTLASS: M=4096 N=8192 K=32  Time=0.900099 ms  Perf=2.38583 TFLOPs
Kernel: TB=128x256x32 WP=64x64x32 INST=16x8x8 CUTLASS: M=4096 N=8192 K=32  Time=0.319693 ms  Perf=6.71734 TFLOPs
Kernel: TB=256x128x32 WP=64x64x32 INST=8x8x4 CUTLASS: M=4096 N=8192 K=32  Time=0.901325 ms  Perf=2.38259 TFLOPs
Kernel: TB=256x128x32 WP=64x64x32 INST=16x8x8 CUTLASS: M=4096 N=8192 K=32  Time=0.321632 ms  Perf=6.67683 TFLOPs
Kernel: TB=128x128x32 WP=64x64x32 INST=8x8x4 CUTLASS: M=4096 N=8192 K=32  Time=0.862822 ms  Perf=2.48891 TFLOPs
Kernel: TB=128x128x32 WP=64x64x32 INST=16x8x8 CUTLASS: M=4096 N=8192 K=32  Time=0.322557 ms  Perf=6.65769 TFLOPs
Kernel: TB=128x256x32 WP=64x64x32 INST=8x8x4 CUTLASS: M=4096 N=8192 K=64  Time=1.69513 ms  Perf=2.53371 TFLOPs
Kernel: TB=128x256x32 WP=64x64x32 INST=16x8x8 CUTLASS: M=4096 N=8192 K=64  Time=0.324915 ms  Perf=13.2187 TFLOPs
Kernel: TB=256x128x32 WP=64x64x32 INST=8x8x4 CUTLASS: M=4096 N=8192 K=64  Time=1.70721 ms  Perf=2.51578 TFLOPs
Kernel: TB=256x128x32 WP=64x64x32 INST=16x8x8 CUTLASS: M=4096 N=8192 K=64  Time=0.329114 ms  Perf=13.0501 TFLOPs
Kernel: TB=128x128x32 WP=64x64x32 INST=8x8x4 CUTLASS: M=4096 N=8192 K=64  Time=1.64475 ms  Perf=2.61132 TFLOPs
Kernel: TB=128x128x32 WP=64x64x32 INST=16x8x8 CUTLASS: M=4096 N=8192 K=64  Time=0.331059 ms  Perf=12.9734 TFLOPs
Kernel: TB=128x256x32 WP=64x64x32 INST=8x8x4 CUTLASS: M=4096 N=8192 K=128  Time=3.31899 ms  Perf=2.58812 TFLOPs
Kernel: TB=128x256x32 WP=64x64x32 INST=16x8x8 CUTLASS: M=4096 N=8192 K=128  Time=0.461619 ms  Perf=18.6083 TFLOPs
Kernel: TB=256x128x32 WP=64x64x32 INST=8x8x4 CUTLASS: M=4096 N=8192 K=128  Time=3.34418 ms  Perf=2.56862 TFLOPs
Kernel: TB=256x128x32 WP=64x64x32 INST=16x8x8 CUTLASS: M=4096 N=8192 K=128  Time=0.464691 ms  Perf=18.4853 TFLOPs
Kernel: TB=128x128x32 WP=64x64x32 INST=8x8x4 CUTLASS: M=4096 N=8192 K=128  Time=3.21547 ms  Perf=2.67144 TFLOPs
Kernel: TB=128x128x32 WP=64x64x32 INST=16x8x8 CUTLASS: M=4096 N=8192 K=128  Time=0.362394 ms  Perf=23.7033 TFLOPs
Kernel: TB=128x256x32 WP=64x64x32 INST=8x8x4 CUTLASS: M=4096 N=8192 K=256  Time=6.56026 ms  Perf=2.61878 TFLOPs
Kernel: TB=128x256x32 WP=64x64x32 INST=16x8x8 CUTLASS: M=4096 N=8192 K=256  Time=0.801075 ms  Perf=21.446 TFLOPs
Kernel: TB=256x128x32 WP=64x64x32 INST=8x8x4 CUTLASS: M=4096 N=8192 K=256  Time=6.62979 ms  Perf=2.59132 TFLOPs
Kernel: TB=256x128x32 WP=64x64x32 INST=16x8x8 CUTLASS: M=4096 N=8192 K=256  Time=0.804147 ms  Perf=21.3641 TFLOPs
Kernel: TB=128x128x32 WP=64x64x32 INST=8x8x4 CUTLASS: M=4096 N=8192 K=256  Time=6.37481 ms  Perf=2.69496 TFLOPs
Kernel: TB=128x128x32 WP=64x64x32 INST=16x8x8 CUTLASS: M=4096 N=8192 K=256  Time=0.694576 ms  Perf=24.7343 TFLOPs
Kernel: TB=128x256x32 WP=64x64x32 INST=8x8x4 CUTLASS: M=8192 N=1024 K=32  Time=0.250678 ms  Perf=2.14167 TFLOPs
Kernel: TB=128x256x32 WP=64x64x32 INST=16x8x8 CUTLASS: M=8192 N=1024 K=32  Time=0.0789472 ms  Perf=6.80038 TFLOPs
Kernel: TB=256x128x32 WP=64x64x32 INST=8x8x4 CUTLASS: M=8192 N=1024 K=32  Time=0.249856 ms  Perf=2.14872 TFLOPs
Kernel: TB=256x128x32 WP=64x64x32 INST=16x8x8 CUTLASS: M=8192 N=1024 K=32  Time=0.0807904 ms  Perf=6.64523 TFLOPs
Kernel: TB=128x128x32 WP=64x64x32 INST=8x8x4 CUTLASS: M=8192 N=1024 K=32  Time=0.236643 ms  Perf=2.26869 TFLOPs
Kernel: TB=128x128x32 WP=64x64x32 INST=16x8x8 CUTLASS: M=8192 N=1024 K=32  Time=0.0782784 ms  Perf=6.85848 TFLOPs
Kernel: TB=128x256x32 WP=64x64x32 INST=8x8x4 CUTLASS: M=8192 N=1024 K=64  Time=0.468784 ms  Perf=2.29048 TFLOPs
Kernel: TB=128x256x32 WP=64x64x32 INST=16x8x8 CUTLASS: M=8192 N=1024 K=64  Time=0.086016 ms  Perf=12.483 TFLOPs
Kernel: TB=256x128x32 WP=64x64x32 INST=8x8x4 CUTLASS: M=8192 N=1024 K=64  Time=0.46991 ms  Perf=2.28499 TFLOPs
Kernel: TB=256x128x32 WP=64x64x32 INST=16x8x8 CUTLASS: M=8192 N=1024 K=64  Time=0.0811008 ms  Perf=13.2396 TFLOPs
Kernel: TB=128x128x32 WP=64x64x32 INST=8x8x4 CUTLASS: M=8192 N=1024 K=64  Time=0.451174 ms  Perf=2.37988 TFLOPs
Kernel: TB=128x128x32 WP=64x64x32 INST=16x8x8 CUTLASS: M=8192 N=1024 K=64  Time=0.0785408 ms  Perf=13.6711 TFLOPs
Kernel: TB=128x256x32 WP=64x64x32 INST=8x8x4 CUTLASS: M=8192 N=1024 K=128  Time=0.910746 ms  Perf=2.35794 TFLOPs
Kernel: TB=128x256x32 WP=64x64x32 INST=16x8x8 CUTLASS: M=8192 N=1024 K=128  Time=0.129229 ms  Perf=16.6177 TFLOPs
Kernel: TB=256x128x32 WP=64x64x32 INST=8x8x4 CUTLASS: M=8192 N=1024 K=128  Time=0.91832 ms  Perf=2.33849 TFLOPs
Kernel: TB=256x128x32 WP=64x64x32 INST=16x8x8 CUTLASS: M=8192 N=1024 K=128  Time=0.129024 ms  Perf=16.6441 TFLOPs
Kernel: TB=128x128x32 WP=64x64x32 INST=8x8x4 CUTLASS: M=8192 N=1024 K=128  Time=0.87695 ms  Perf=2.44881 TFLOPs
Kernel: TB=128x128x32 WP=64x64x32 INST=16x8x8 CUTLASS: M=8192 N=1024 K=128  Time=0.098304 ms  Perf=21.8453 TFLOPs
Kernel: TB=128x256x32 WP=64x64x32 INST=8x8x4 CUTLASS: M=8192 N=1024 K=256  Time=1.79886 ms  Perf=2.3876 TFLOPs
Kernel: TB=128x256x32 WP=64x64x32 INST=16x8x8 CUTLASS: M=8192 N=1024 K=256  Time=0.223539 ms  Perf=19.2135 TFLOPs
Kernel: TB=256x128x32 WP=64x64x32 INST=8x8x4 CUTLASS: M=8192 N=1024 K=256  Time=1.81996 ms  Perf=2.35993 TFLOPs
Kernel: TB=256x128x32 WP=64x64x32 INST=16x8x8 CUTLASS: M=8192 N=1024 K=256  Time=0.223027 ms  Perf=19.2576 TFLOPs
Kernel: TB=128x128x32 WP=64x64x32 INST=8x8x4 CUTLASS: M=8192 N=1024 K=256  Time=1.73117 ms  Perf=2.48096 TFLOPs
Kernel: TB=128x128x32 WP=64x64x32 INST=16x8x8 CUTLASS: M=8192 N=1024 K=256  Time=0.184528 ms  Perf=23.2754 TFLOPs
Kernel: TB=128x256x32 WP=64x64x32 INST=8x8x4 CUTLASS: M=8192 N=2048 K=32  Time=0.467661 ms  Perf=2.29598 TFLOPs
Kernel: TB=128x256x32 WP=64x64x32 INST=16x8x8 CUTLASS: M=8192 N=2048 K=32  Time=0.160765 ms  Perf=6.67896 TFLOPs
Kernel: TB=256x128x32 WP=64x64x32 INST=8x8x4 CUTLASS: M=8192 N=2048 K=32  Time=0.467248 ms  Perf=2.29801 TFLOPs
Kernel: TB=256x128x32 WP=64x64x32 INST=16x8x8 CUTLASS: M=8192 N=2048 K=32  Time=0.159331 ms  Perf=6.73906 TFLOPs
Kernel: TB=128x128x32 WP=64x64x32 INST=8x8x4 CUTLASS: M=8192 N=2048 K=32  Time=0.444006 ms  Perf=2.4183 TFLOPs
Kernel: TB=128x128x32 WP=64x64x32 INST=16x8x8 CUTLASS: M=8192 N=2048 K=32  Time=0.158714 ms  Perf=6.76528 TFLOPs
Kernel: TB=128x256x32 WP=64x64x32 INST=8x8x4 CUTLASS: M=8192 N=2048 K=64  Time=0.877565 ms  Perf=2.44709 TFLOPs
Kernel: TB=128x256x32 WP=64x64x32 INST=16x8x8 CUTLASS: M=8192 N=2048 K=64  Time=0.162406 ms  Perf=13.2229 TFLOPs
Kernel: TB=256x128x32 WP=64x64x32 INST=8x8x4 CUTLASS: M=8192 N=2048 K=64  Time=0.879821 ms  Perf=2.44082 TFLOPs
Kernel: TB=256x128x32 WP=64x64x32 INST=16x8x8 CUTLASS: M=8192 N=2048 K=64  Time=0.163021 ms  Perf=13.1731 TFLOPs
Kernel: TB=128x128x32 WP=64x64x32 INST=8x8x4 CUTLASS: M=8192 N=2048 K=64  Time=0.848691 ms  Perf=2.53035 TFLOPs
Kernel: TB=128x128x32 WP=64x64x32 INST=16x8x8 CUTLASS: M=8192 N=2048 K=64  Time=0.160768 ms  Perf=13.3577 TFLOPs
Kernel: TB=128x256x32 WP=64x64x32 INST=8x8x4 CUTLASS: M=8192 N=2048 K=128  Time=1.71131 ms  Perf=2.50976 TFLOPs
Kernel: TB=128x256x32 WP=64x64x32 INST=16x8x8 CUTLASS: M=8192 N=2048 K=128  Time=0.241664 ms  Perf=17.7725 TFLOPs
Kernel: TB=256x128x32 WP=64x64x32 INST=8x8x4 CUTLASS: M=8192 N=2048 K=128  Time=1.72319 ms  Perf=2.49245 TFLOPs
Kernel: TB=256x128x32 WP=64x64x32 INST=16x8x8 CUTLASS: M=8192 N=2048 K=128  Time=0.241152 ms  Perf=17.8102 TFLOPs
Kernel: TB=128x128x32 WP=64x64x32 INST=8x8x4 CUTLASS: M=8192 N=2048 K=128  Time=1.6511 ms  Perf=2.60128 TFLOPs
Kernel: TB=128x128x32 WP=64x64x32 INST=16x8x8 CUTLASS: M=8192 N=2048 K=128  Time=0.186163 ms  Perf=23.071 TFLOPs
Kernel: TB=128x256x32 WP=64x64x32 INST=8x8x4 CUTLASS: M=8192 N=2048 K=256  Time=3.3876 ms  Perf=2.5357 TFLOPs
Kernel: TB=128x256x32 WP=64x64x32 INST=16x8x8 CUTLASS: M=8192 N=2048 K=256  Time=0.417382 ms  Perf=20.5805 TFLOPs
Kernel: TB=256x128x32 WP=64x64x32 INST=8x8x4 CUTLASS: M=8192 N=2048 K=256  Time=3.42149 ms  Perf=2.51058 TFLOPs
Kernel: TB=256x128x32 WP=64x64x32 INST=16x8x8 CUTLASS: M=8192 N=2048 K=256  Time=0.416054 ms  Perf=20.6462 TFLOPs
Kernel: TB=128x128x32 WP=64x64x32 INST=8x8x4 CUTLASS: M=8192 N=2048 K=256  Time=3.27394 ms  Perf=2.62373 TFLOPs
Kernel: TB=128x128x32 WP=64x64x32 INST=16x8x8 CUTLASS: M=8192 N=2048 K=256  Time=0.354198 ms  Perf=24.2518 TFLOPs
Kernel: TB=128x256x32 WP=64x64x32 INST=8x8x4 CUTLASS: M=8192 N=4096 K=32  Time=0.905827 ms  Perf=2.37074 TFLOPs
Kernel: TB=128x256x32 WP=64x64x32 INST=16x8x8 CUTLASS: M=8192 N=4096 K=32  Time=0.319181 ms  Perf=6.72811 TFLOPs
Kernel: TB=256x128x32 WP=64x64x32 INST=8x8x4 CUTLASS: M=8192 N=4096 K=32  Time=0.904803 ms  Perf=2.37343 TFLOPs
Kernel: TB=256x128x32 WP=64x64x32 INST=16x8x8 CUTLASS: M=8192 N=4096 K=32  Time=0.317853 ms  Perf=6.75622 TFLOPs
Kernel: TB=128x128x32 WP=64x64x32 INST=8x8x4 CUTLASS: M=8192 N=4096 K=32  Time=0.862003 ms  Perf=2.49127 TFLOPs
Kernel: TB=128x128x32 WP=64x64x32 INST=16x8x8 CUTLASS: M=8192 N=4096 K=32  Time=0.31785 ms  Perf=6.75629 TFLOPs
Kernel: TB=128x256x32 WP=64x64x32 INST=8x8x4 CUTLASS: M=8192 N=4096 K=64  Time=1.6984 ms  Perf=2.52883 TFLOPs
Kernel: TB=128x256x32 WP=64x64x32 INST=16x8x8 CUTLASS: M=8192 N=4096 K=64  Time=0.329318 ms  Perf=13.042 TFLOPs
Kernel: TB=256x128x32 WP=64x64x32 INST=8x8x4 CUTLASS: M=8192 N=4096 K=64  Time=1.70701 ms  Perf=2.51607 TFLOPs
Kernel: TB=256x128x32 WP=64x64x32 INST=16x8x8 CUTLASS: M=8192 N=4096 K=64  Time=0.322355 ms  Perf=13.3237 TFLOPs
Kernel: TB=128x128x32 WP=64x64x32 INST=8x8x4 CUTLASS: M=8192 N=4096 K=64  Time=1.64823 ms  Perf=2.6058 TFLOPs
Kernel: TB=128x128x32 WP=64x64x32 INST=16x8x8 CUTLASS: M=8192 N=4096 K=64  Time=0.321741 ms  Perf=13.3492 TFLOPs
Kernel: TB=128x256x32 WP=64x64x32 INST=8x8x4 CUTLASS: M=8192 N=4096 K=128  Time=3.32062 ms  Perf=2.58684 TFLOPs
Kernel: TB=128x256x32 WP=64x64x32 INST=16x8x8 CUTLASS: M=8192 N=4096 K=128  Time=0.462435 ms  Perf=18.5754 TFLOPs
Kernel: TB=256x128x32 WP=64x64x32 INST=8x8x4 CUTLASS: M=8192 N=4096 K=128  Time=3.34828 ms  Perf=2.56548 TFLOPs
Kernel: TB=256x128x32 WP=64x64x32 INST=16x8x8 CUTLASS: M=8192 N=4096 K=128  Time=0.459878 ms  Perf=18.6787 TFLOPs
Kernel: TB=128x128x32 WP=64x64x32 INST=8x8x4 CUTLASS: M=8192 N=4096 K=128  Time=3.21854 ms  Perf=2.66889 TFLOPs
Kernel: TB=128x128x32 WP=64x64x32 INST=16x8x8 CUTLASS: M=8192 N=4096 K=128  Time=0.361776 ms  Perf=23.7438 TFLOPs
Kernel: TB=128x256x32 WP=64x64x32 INST=8x8x4 CUTLASS: M=8192 N=4096 K=256  Time=6.56128 ms  Perf=2.61837 TFLOPs
Kernel: TB=128x256x32 WP=64x64x32 INST=16x8x8 CUTLASS: M=8192 N=4096 K=256  Time=0.800256 ms  Perf=21.468 TFLOPs
Kernel: TB=256x128x32 WP=64x64x32 INST=8x8x4 CUTLASS: M=8192 N=4096 K=256  Time=6.63204 ms  Perf=2.59044 TFLOPs
Kernel: TB=256x128x32 WP=64x64x32 INST=16x8x8 CUTLASS: M=8192 N=4096 K=256  Time=0.801078 ms  Perf=21.4459 TFLOPs
Kernel: TB=128x128x32 WP=64x64x32 INST=8x8x4 CUTLASS: M=8192 N=4096 K=256  Time=6.35597 ms  Perf=2.70295 TFLOPs
Kernel: TB=128x128x32 WP=64x64x32 INST=16x8x8 CUTLASS: M=8192 N=4096 K=256  Time=0.692426 ms  Perf=24.8111 TFLOPs
Kernel: TB=128x256x32 WP=64x64x32 INST=8x8x4 CUTLASS: M=8192 N=8192 K=32  Time=1.77479 ms  Perf=2.41998 TFLOPs
Kernel: TB=128x256x32 WP=64x64x32 INST=16x8x8 CUTLASS: M=8192 N=8192 K=32  Time=0.633139 ms  Perf=6.78361 TFLOPs
Kernel: TB=256x128x32 WP=64x64x32 INST=8x8x4 CUTLASS: M=8192 N=8192 K=32  Time=1.779 ms  Perf=2.41427 TFLOPs
Kernel: TB=256x128x32 WP=64x64x32 INST=16x8x8 CUTLASS: M=8192 N=8192 K=32  Time=0.634883 ms  Perf=6.76497 TFLOPs
Kernel: TB=128x128x32 WP=64x64x32 INST=8x8x4 CUTLASS: M=8192 N=8192 K=32  Time=1.69677 ms  Perf=2.53126 TFLOPs
Kernel: TB=128x128x32 WP=64x64x32 INST=16x8x8 CUTLASS: M=8192 N=8192 K=32  Time=0.635286 ms  Perf=6.76068 TFLOPs
Kernel: TB=128x256x32 WP=64x64x32 INST=8x8x4 CUTLASS: M=8192 N=8192 K=64  Time=3.34111 ms  Perf=2.57098 TFLOPs
Kernel: TB=128x256x32 WP=64x64x32 INST=16x8x8 CUTLASS: M=8192 N=8192 K=64  Time=0.640819 ms  Perf=13.4046 TFLOPs
Kernel: TB=256x128x32 WP=64x64x32 INST=8x8x4 CUTLASS: M=8192 N=8192 K=64  Time=3.36548 ms  Perf=2.55237 TFLOPs
Kernel: TB=256x128x32 WP=64x64x32 INST=16x8x8 CUTLASS: M=8192 N=8192 K=64  Time=0.641744 ms  Perf=13.3853 TFLOPs
Kernel: TB=128x128x32 WP=64x64x32 INST=8x8x4 CUTLASS: M=8192 N=8192 K=64  Time=3.27066 ms  Perf=2.62636 TFLOPs
Kernel: TB=128x128x32 WP=64x64x32 INST=16x8x8 CUTLASS: M=8192 N=8192 K=64  Time=0.644714 ms  Perf=13.3236 TFLOPs
Kernel: TB=128x256x32 WP=64x64x32 INST=8x8x4 CUTLASS: M=8192 N=8192 K=128  Time=6.5324 ms  Perf=2.62995 TFLOPs
Kernel: TB=128x256x32 WP=64x64x32 INST=16x8x8 CUTLASS: M=8192 N=8192 K=128  Time=0.895795 ms  Perf=19.1783 TFLOPs
Kernel: TB=256x128x32 WP=64x64x32 INST=8x8x4 CUTLASS: M=8192 N=8192 K=128  Time=6.58729 ms  Perf=2.60803 TFLOPs
Kernel: TB=256x128x32 WP=64x64x32 INST=16x8x8 CUTLASS: M=8192 N=8192 K=128  Time=0.90296 ms  Perf=19.0262 TFLOPs
Kernel: TB=128x128x32 WP=64x64x32 INST=8x8x4 CUTLASS: M=8192 N=8192 K=128  Time=6.40676 ms  Perf=2.68152 TFLOPs
Kernel: TB=128x128x32 WP=64x64x32 INST=16x8x8 CUTLASS: M=8192 N=8192 K=128  Time=0.718541 ms  Perf=23.9094 TFLOPs
Kernel: TB=128x256x32 WP=64x64x32 INST=8x8x4 CUTLASS: M=8192 N=8192 K=256  Time=13.0193 ms  Perf=2.63913 TFLOPs
Kernel: TB=128x256x32 WP=64x64x32 INST=16x8x8 CUTLASS: M=8192 N=8192 K=256  Time=1.56723 ms  Perf=21.9238 TFLOPs
Kernel: TB=256x128x32 WP=64x64x32 INST=8x8x4 CUTLASS: M=8192 N=8192 K=256  Time=13.0752 ms  Perf=2.62785 TFLOPs
Kernel: TB=256x128x32 WP=64x64x32 INST=16x8x8 CUTLASS: M=8192 N=8192 K=256  Time=1.57194 ms  Perf=21.8581 TFLOPs
Kernel: TB=128x128x32 WP=64x64x32 INST=8x8x4 CUTLASS: M=8192 N=8192 K=256  Time=12.686 ms  Perf=2.70847 TFLOPs
Kernel: TB=128x128x32 WP=64x64x32 INST=16x8x8 CUTLASS: M=8192 N=8192 K=256  Time=1.38332 ms  Perf=24.8386 TFLOPs
