/home/shgoel/dphpc/cutlass/benchmark_gemm/src/cudaTensorCoreGemm.cu:70:10: fatal error: helper_functions.h: No such file or directory
   70 | #include <helper_functions.h>
      |          ^~~~~~~~~~~~~~~~~~~~
compilation terminated.
make[2]: *** [CMakeFiles/wmma_opti_gemm.dir/build.make:77: CMakeFiles/wmma_opti_gemm.dir/src/cudaTensorCoreGemm.cu.o] Error 1
make[1]: *** [CMakeFiles/Makefile2:143: CMakeFiles/wmma_opti_gemm.dir/all] Error 2
make[1]: *** Waiting for unfinished jobs....
/home/shgoel/dphpc/cutlass/cutlass/include/cutlass/conv/conv3d_problem_size.h(215): warning #20013-D: calling a constexpr __host__ function("get") from a __host__ __device__ function("Conv3dProblemSize") is not allowed. The experimental flag '--expt-relaxed-constexpr' can be used to allow this.
        {std::get<0>(padding)[1], std::get<1>(padding)[1],
         ^

Remark: The warnings can be suppressed with "-diag-suppress <warning-number>"

/home/shgoel/dphpc/cutlass/cutlass/include/cutlass/conv/conv3d_problem_size.h(215): warning #20013-D: calling a constexpr __host__ function("get") from a __host__ __device__ function("Conv3dProblemSize") is not allowed. The experimental flag '--expt-relaxed-constexpr' can be used to allow this.
        {std::get<0>(padding)[1], std::get<1>(padding)[1],
                                  ^

/home/shgoel/dphpc/cutlass/cutlass/include/cutlass/conv/conv3d_problem_size.h(216): warning #20013-D: calling a constexpr __host__ function("get") from a __host__ __device__ function("Conv3dProblemSize") is not allowed. The experimental flag '--expt-relaxed-constexpr' can be used to allow this.
         std::get<0>(padding)[2], std::get<1>(padding)[2]},
         ^

/home/shgoel/dphpc/cutlass/cutlass/include/cutlass/conv/conv3d_problem_size.h(216): warning #20013-D: calling a constexpr __host__ function("get") from a __host__ __device__ function("Conv3dProblemSize") is not allowed. The experimental flag '--expt-relaxed-constexpr' can be used to allow this.
         std::get<0>(padding)[2], std::get<1>(padding)[2]},
                                  ^

/home/shgoel/dphpc/cutlass/cutlass/include/cutlass/conv/conv3d_problem_size.h(221): warning #20013-D: calling a constexpr __host__ function("get") from a __host__ __device__ function("Conv3dProblemSize") is not allowed. The experimental flag '--expt-relaxed-constexpr' can be used to allow this.
      pad_d(std::get<0>(padding)[0]), stride_d(stride[0]), dilation_d(dilation[0])
            ^

/home/shgoel/dphpc/cutlass/cutlass/include/cutlass/conv/conv3d_problem_size.h(224): warning #20013-D: calling a constexpr __host__ function("get") from a __host__ __device__ function("Conv3dProblemSize") is not allowed. The experimental flag '--expt-relaxed-constexpr' can be used to allow this.
        Z = ((D + pad_d + std::get<1>(padding)[0] - T * dilation_d) / stride_d) + 1;
                          ^

/home/shgoel/dphpc/cutlass/cutlass/include/cutlass/conv/conv3d_problem_size.h(215): warning #20015-D: calling a constexpr __host__ function from a __host__ __device__ function is not allowed. The experimental flag '--expt-relaxed-constexpr' can be used to allow this.
        {std::get<0>(padding)[1], std::get<1>(padding)[1],
                    ^

/home/shgoel/dphpc/cutlass/cutlass/include/cutlass/conv/conv3d_problem_size.h(215): warning #20015-D: calling a constexpr __host__ function from a __host__ __device__ function is not allowed. The experimental flag '--expt-relaxed-constexpr' can be used to allow this.
        {std::get<0>(padding)[1], std::get<1>(padding)[1],
                                             ^

/home/shgoel/dphpc/cutlass/cutlass/include/cutlass/conv/conv3d_problem_size.h(216): warning #20015-D: calling a constexpr __host__ function from a __host__ __device__ function is not allowed. The experimental flag '--expt-relaxed-constexpr' can be used to allow this.
         std::get<0>(padding)[2], std::get<1>(padding)[2]},
                    ^

/home/shgoel/dphpc/cutlass/cutlass/include/cutlass/conv/conv3d_problem_size.h(216): warning #20015-D: calling a constexpr __host__ function from a __host__ __device__ function is not allowed. The experimental flag '--expt-relaxed-constexpr' can be used to allow this.
         std::get<0>(padding)[2], std::get<1>(padding)[2]},
                                             ^

/home/shgoel/dphpc/cutlass/cutlass/include/cutlass/conv/conv3d_problem_size.h(221): warning #20015-D: calling a constexpr __host__ function from a __host__ __device__ function is not allowed. The experimental flag '--expt-relaxed-constexpr' can be used to allow this.
      pad_d(std::get<0>(padding)[0]), stride_d(stride[0]), dilation_d(dilation[0])
                       ^

/home/shgoel/dphpc/cutlass/cutlass/include/cutlass/conv/conv3d_problem_size.h(224): warning #20015-D: calling a constexpr __host__ function from a __host__ __device__ function is not allowed. The experimental flag '--expt-relaxed-constexpr' can be used to allow this.
        Z = ((D + pad_d + std::get<1>(padding)[0] - T * dilation_d) / stride_d) + 1;
                                     ^

/home/shgoel/dphpc/cutlass/cutlass/include/cutlass/conv/conv3d_problem_size.h(215): warning #20013-D: calling a constexpr __host__ function("get") from a __host__ __device__ function("Conv3dProblemSize") is not allowed. The experimental flag '--expt-relaxed-constexpr' can be used to allow this.
        {std::get<0>(padding)[1], std::get<1>(padding)[1],
         ^

Remark: The warnings can be suppressed with "-diag-suppress <warning-number>"

/home/shgoel/dphpc/cutlass/cutlass/include/cutlass/conv/conv3d_problem_size.h(215): warning #20013-D: calling a constexpr __host__ function("get") from a __host__ __device__ function("Conv3dProblemSize") is not allowed. The experimental flag '--expt-relaxed-constexpr' can be used to allow this.
        {std::get<0>(padding)[1], std::get<1>(padding)[1],
                                  ^

/home/shgoel/dphpc/cutlass/cutlass/include/cutlass/conv/conv3d_problem_size.h(216): warning #20013-D: calling a constexpr __host__ function("get") from a __host__ __device__ function("Conv3dProblemSize") is not allowed. The experimental flag '--expt-relaxed-constexpr' can be used to allow this.
         std::get<0>(padding)[2], std::get<1>(padding)[2]},
         ^

/home/shgoel/dphpc/cutlass/cutlass/include/cutlass/conv/conv3d_problem_size.h(216): warning #20013-D: calling a constexpr __host__ function("get") from a __host__ __device__ function("Conv3dProblemSize") is not allowed. The experimental flag '--expt-relaxed-constexpr' can be used to allow this.
         std::get<0>(padding)[2], std::get<1>(padding)[2]},
                                  ^

/home/shgoel/dphpc/cutlass/cutlass/include/cutlass/conv/conv3d_problem_size.h(221): warning #20013-D: calling a constexpr __host__ function("get") from a __host__ __device__ function("Conv3dProblemSize") is not allowed. The experimental flag '--expt-relaxed-constexpr' can be used to allow this.
      pad_d(std::get<0>(padding)[0]), stride_d(stride[0]), dilation_d(dilation[0])
            ^

/home/shgoel/dphpc/cutlass/cutlass/include/cutlass/conv/conv3d_problem_size.h(224): warning #20013-D: calling a constexpr __host__ function("get") from a __host__ __device__ function("Conv3dProblemSize") is not allowed. The experimental flag '--expt-relaxed-constexpr' can be used to allow this.
        Z = ((D + pad_d + std::get<1>(padding)[0] - T * dilation_d) / stride_d) + 1;
                          ^

/home/shgoel/dphpc/cutlass/cutlass/include/cutlass/conv/conv3d_problem_size.h(215): warning #20015-D: calling a constexpr __host__ function from a __host__ __device__ function is not allowed. The experimental flag '--expt-relaxed-constexpr' can be used to allow this.
        {std::get<0>(padding)[1], std::get<1>(padding)[1],
                    ^

/home/shgoel/dphpc/cutlass/cutlass/include/cutlass/conv/conv3d_problem_size.h(215): warning #20015-D: calling a constexpr __host__ function from a __host__ __device__ function is not allowed. The experimental flag '--expt-relaxed-constexpr' can be used to allow this.
        {std::get<0>(padding)[1], std::get<1>(padding)[1],
                                             ^

/home/shgoel/dphpc/cutlass/cutlass/include/cutlass/conv/conv3d_problem_size.h(216): warning #20015-D: calling a constexpr __host__ function from a __host__ __device__ function is not allowed. The experimental flag '--expt-relaxed-constexpr' can be used to allow this.
         std::get<0>(padding)[2], std::get<1>(padding)[2]},
                    ^

/home/shgoel/dphpc/cutlass/cutlass/include/cutlass/conv/conv3d_problem_size.h(216): warning #20015-D: calling a constexpr __host__ function from a __host__ __device__ function is not allowed. The experimental flag '--expt-relaxed-constexpr' can be used to allow this.
         std::get<0>(padding)[2], std::get<1>(padding)[2]},
                                             ^

/home/shgoel/dphpc/cutlass/cutlass/include/cutlass/conv/conv3d_problem_size.h(221): warning #20015-D: calling a constexpr __host__ function from a __host__ __device__ function is not allowed. The experimental flag '--expt-relaxed-constexpr' can be used to allow this.
      pad_d(std::get<0>(padding)[0]), stride_d(stride[0]), dilation_d(dilation[0])
                       ^

/home/shgoel/dphpc/cutlass/cutlass/include/cutlass/conv/conv3d_problem_size.h(224): warning #20015-D: calling a constexpr __host__ function from a __host__ __device__ function is not allowed. The experimental flag '--expt-relaxed-constexpr' can be used to allow this.
        Z = ((D + pad_d + std::get<1>(padding)[0] - T * dilation_d) / stride_d) + 1;
                                     ^

/home/shgoel/dphpc/cutlass/cutlass/include/cutlass/conv/conv3d_problem_size.h(215): warning #20013-D: calling a constexpr __host__ function("get") from a __host__ __device__ function("Conv3dProblemSize") is not allowed. The experimental flag '--expt-relaxed-constexpr' can be used to allow this.
        {std::get<0>(padding)[1], std::get<1>(padding)[1],
         ^

Remark: The warnings can be suppressed with "-diag-suppress <warning-number>"

/home/shgoel/dphpc/cutlass/cutlass/include/cutlass/conv/conv3d_problem_size.h(215): warning #20013-D: calling a constexpr __host__ function("get") from a __host__ __device__ function("Conv3dProblemSize") is not allowed. The experimental flag '--expt-relaxed-constexpr' can be used to allow this.
        {std::get<0>(padding)[1], std::get<1>(padding)[1],
                                  ^

/home/shgoel/dphpc/cutlass/cutlass/include/cutlass/conv/conv3d_problem_size.h(216): warning #20013-D: calling a constexpr __host__ function("get") from a __host__ __device__ function("Conv3dProblemSize") is not allowed. The experimental flag '--expt-relaxed-constexpr' can be used to allow this.
         std::get<0>(padding)[2], std::get<1>(padding)[2]},
         ^

/home/shgoel/dphpc/cutlass/cutlass/include/cutlass/conv/conv3d_problem_size.h(216): warning #20013-D: calling a constexpr __host__ function("get") from a __host__ __device__ function("Conv3dProblemSize") is not allowed. The experimental flag '--expt-relaxed-constexpr' can be used to allow this.
         std::get<0>(padding)[2], std::get<1>(padding)[2]},
                                  ^

/home/shgoel/dphpc/cutlass/cutlass/include/cutlass/conv/conv3d_problem_size.h(221): warning #20013-D: calling a constexpr __host__ function("get") from a __host__ __device__ function("Conv3dProblemSize") is not allowed. The experimental flag '--expt-relaxed-constexpr' can be used to allow this.
      pad_d(std::get<0>(padding)[0]), stride_d(stride[0]), dilation_d(dilation[0])
            ^

/home/shgoel/dphpc/cutlass/cutlass/include/cutlass/conv/conv3d_problem_size.h(224): warning #20013-D: calling a constexpr __host__ function("get") from a __host__ __device__ function("Conv3dProblemSize") is not allowed. The experimental flag '--expt-relaxed-constexpr' can be used to allow this.
        Z = ((D + pad_d + std::get<1>(padding)[0] - T * dilation_d) / stride_d) + 1;
                          ^

/home/shgoel/dphpc/cutlass/cutlass/include/cutlass/conv/conv3d_problem_size.h(215): warning #20015-D: calling a constexpr __host__ function from a __host__ __device__ function is not allowed. The experimental flag '--expt-relaxed-constexpr' can be used to allow this.
        {std::get<0>(padding)[1], std::get<1>(padding)[1],
                    ^

/home/shgoel/dphpc/cutlass/cutlass/include/cutlass/conv/conv3d_problem_size.h(215): warning #20015-D: calling a constexpr __host__ function from a __host__ __device__ function is not allowed. The experimental flag '--expt-relaxed-constexpr' can be used to allow this.
        {std::get<0>(padding)[1], std::get<1>(padding)[1],
                                             ^

/home/shgoel/dphpc/cutlass/cutlass/include/cutlass/conv/conv3d_problem_size.h(216): warning #20015-D: calling a constexpr __host__ function from a __host__ __device__ function is not allowed. The experimental flag '--expt-relaxed-constexpr' can be used to allow this.
         std::get<0>(padding)[2], std::get<1>(padding)[2]},
                    ^

/home/shgoel/dphpc/cutlass/cutlass/include/cutlass/conv/conv3d_problem_size.h(216): warning #20015-D: calling a constexpr __host__ function from a __host__ __device__ function is not allowed. The experimental flag '--expt-relaxed-constexpr' can be used to allow this.
         std::get<0>(padding)[2], std::get<1>(padding)[2]},
                                             ^

/home/shgoel/dphpc/cutlass/cutlass/include/cutlass/conv/conv3d_problem_size.h(221): warning #20015-D: calling a constexpr __host__ function from a __host__ __device__ function is not allowed. The experimental flag '--expt-relaxed-constexpr' can be used to allow this.
      pad_d(std::get<0>(padding)[0]), stride_d(stride[0]), dilation_d(dilation[0])
                       ^

/home/shgoel/dphpc/cutlass/cutlass/include/cutlass/conv/conv3d_problem_size.h(224): warning #20015-D: calling a constexpr __host__ function from a __host__ __device__ function is not allowed. The experimental flag '--expt-relaxed-constexpr' can be used to allow this.
        Z = ((D + pad_d + std::get<1>(padding)[0] - T * dilation_d) / stride_d) + 1;
                                     ^

make: *** [Makefile:91: all] Error 2
/var/spool/slurm/d/job06703/slurm_script: line 25: ./wmma_opti_gemm: No such file or directory
