-- Configuring done (0.0s)
-- Generating done (0.3s)
-- Build files have been written to: /home/shgoel/dphpc/cutlass/benchmark_gemm/build
[ 10%] Building CUDA object CMakeFiles/wmma_opti_gemm.dir/src/cudaTensorCoreGemm.cu.o
[ 20%] Building CXX object CMakeFiles/main.dir/src/main.cpp.o
[ 30%] Building CUDA object CMakeFiles/cutlass_gemm.dir/src/cutlass_gemm.cu.o
[ 40%] Building CUDA object CMakeFiles/cutlass_gemm_tunable.dir/src/cutlass_gemm_tunable2.cu.o
[ 50%] Building CUDA object CMakeFiles/wmma_gemm.dir/src/wmma_gemm.cu.o
[ 60%] Linking CXX executable main
[ 60%] Built target main
[ 70%] Linking CUDA executable wmma_opti_gemm
[ 70%] Built target wmma_opti_gemm
[ 80%] Linking CUDA executable wmma_gemm
[ 80%] Built target wmma_gemm
[ 90%] Linking CUDA executable cutlass_gemm
[ 90%] Built target cutlass_gemm
[100%] Linking CUDA executable cutlass_gemm_tunable
[100%] Built target cutlass_gemm_tunable
Initializing...
GPU Device 0: "Blackwell" with compute capability 12.0

M: 8192 (16 x 512)
N: 8192 (16 x 512)
K: 128 (16 x 8)
Preparing data for GPU...
Required shared memory size: 64 Kb
Computing... using high performance kernel compute_gemm 
Time: 1.626112 ms
TFLOPS: 10.56
